#
# There is insufficient memory for the Java Runtime Environment to continue.
# Native memory allocation (malloc) failed to allocate 109616 bytes. Error detail: Chunk::new
# Possible reasons:
#   The system is out of physical RAM or swap space
#   This process is running with CompressedOops enabled, and the Java Heap may be blocking the growth of the native heap
# Possible solutions:
#   Reduce memory load on the system
#   Increase physical memory or swap space
#   Check if swap backing store is full
#   Decrease Java heap size (-Xmx/-Xms)
#   Decrease number of Java threads
#   Decrease Java thread stack sizes (-Xss)
#   Set larger code cache with -XX:ReservedCodeCacheSize=
#   JVM is running with Unscaled Compressed Oops mode in which the Java heap is
#     placed in the first 4GB address space. The Java Heap base address is the
#     maximum limit for the native heap growth. Please use -XX:HeapBaseMinAddress
#     to set the Java Heap base and to place the Java Heap above 4GB virtual address.
# This output file may be truncated or incomplete.
#
#  Out of Memory Error (arena.cpp:168), pid=21108, tid=24256
#
# JRE version: OpenJDK Runtime Environment Temurin-21.0.10+7 (21.0.10+7) (build 21.0.10+7-LTS)
# Java VM: OpenJDK 64-Bit Server VM Temurin-21.0.10+7 (21.0.10+7-LTS, mixed mode, sharing, tiered, compressed oops, compressed class ptrs, g1 gc, windows-amd64)
# No core dump will be written. Minidumps are not enabled by default on client versions of Windows
#

---------------  S U M M A R Y ------------

Command Line: --add-opens=java.base/java.lang=ALL-UNNAMED --add-opens=java.base/java.lang.invoke=ALL-UNNAMED --add-opens=java.base/java.util=ALL-UNNAMED --add-opens=java.prefs/java.util.prefs=ALL-UNNAMED --add-exports=jdk.compiler/com.sun.tools.javac.api=ALL-UNNAMED --add-exports=jdk.compiler/com.sun.tools.javac.util=ALL-UNNAMED --add-opens=java.base/java.util=ALL-UNNAMED --add-opens=java.prefs/java.util.prefs=ALL-UNNAMED --add-opens=java.base/java.nio.charset=ALL-UNNAMED --add-opens=java.base/java.net=ALL-UNNAMED --add-opens=java.base/java.util.concurrent.atomic=ALL-UNNAMED --add-opens=java.xml/javax.xml.namespace=ALL-UNNAMED -Xmx1536m -Dfile.encoding=UTF-8 -Duser.country=US -Duser.language=en -Duser.variant -javaagent:C:\Users\Vilas\.gradle\wrapper\dists\gradle-8.14.3-all\10utluxaxniiv4wxiphsi49nj\gradle-8.14.3\lib\agents\gradle-instrumentation-agent-8.14.3.jar org.gradle.launcher.daemon.bootstrap.GradleDaemon 8.14.3

Host: AMD Ryzen 5 5625U with Radeon Graphics         , 12 cores, 15G,  Windows 11 , 64 bit Build 26100 (10.0.26100.7920)
Time: Thu Mar 26 10:42:07 2026 India Standard Time elapsed time: 24.418167 seconds (0d 0h 0m 24s)

---------------  T H R E A D  ---------------

Current thread (0x00000161daf9d310):  JavaThread "C2 CompilerThread2" daemon [_thread_in_native, id=24256, stack(0x0000003eae800000,0x0000003eae900000) (1024K)]


Current CompileTask:
C2:24418 11706       4       org.objectweb.asm.Frame::execute (2303 bytes)

Stack: [0x0000003eae800000,0x0000003eae900000]
Native frames: (J=compiled Java code, j=interpreted, Vv=VM code, C=native code)
V  [jvm.dll+0x6d7a39]
V  [jvm.dll+0x8b4b26]
V  [jvm.dll+0x8b70de]
V  [jvm.dll+0x8b77c3]
V  [jvm.dll+0x284346]
V  [jvm.dll+0xc66ed]
V  [jvm.dll+0xc6c31]
V  [jvm.dll+0x5def89]
V  [jvm.dll+0x38b191]
V  [jvm.dll+0x38a5aa]
V  [jvm.dll+0x24c560]
V  [jvm.dll+0x24bb40]
V  [jvm.dll+0x1cb34e]
V  [jvm.dll+0x25b85d]
V  [jvm.dll+0x259dea]
V  [jvm.dll+0x3f857e]
V  [jvm.dll+0x85f59d]
V  [jvm.dll+0x6d626d]
C  [ucrtbase.dll+0x37b0]
C  [KERNEL32.DLL+0x2e8d7]
C  [ntdll.dll+0x8c48c]


---------------  P R O C E S S  ---------------

Threads class SMR info:
_java_thread_list=0x00000161dc46e4f0, length=114, elements={
0x00000161f86c8cd0, 0x0000016191775b00, 0x0000016191777480, 0x000001619177efc0,
0x000001619177fdb0, 0x000001619178b7d0, 0x000001619178f0d0, 0x00000161917931e0,
0x000001619179a3b0, 0x00000161919c9500, 0x00000161919b80e0, 0x00000161d8666da0,
0x00000161d87a5f50, 0x00000161d86ac310, 0x00000161d8714920, 0x00000161d87100e0,
0x00000161d86a29d0, 0x00000161d86a3060, 0x00000161d86a36f0, 0x00000161d86a2340,
0x00000161d88530b0, 0x00000161d88502c0, 0x00000161d8850950, 0x00000161d8852390,
0x00000161d8853740, 0x00000161d8853dd0, 0x00000161d8854460, 0x00000161d8850fe0,
0x00000161d88578e0, 0x00000161d8854af0, 0x00000161d8855ea0, 0x00000161d8855180,
0x00000161d8856530, 0x00000161d8856bc0, 0x00000161daae1830, 0x00000161daae3270,
0x00000161daae11a0, 0x00000161daae0480, 0x00000161daae3f90, 0x00000161daae0b10,
0x00000161daae4620, 0x00000161daae4cb0, 0x00000161daae5340, 0x00000161daae59d0,
0x00000161daae6060, 0x00000161daae2be0, 0x00000161daae66f0, 0x00000161daae6d80,
0x00000161daae7410, 0x00000161d93e58d0, 0x00000161d93e5f60, 0x00000161d93e4bb0,
0x00000161d93e3e90, 0x00000161d93e6c80, 0x00000161d93e65f0, 0x00000161d93e3800,
0x00000161d93e7310, 0x00000161d93e79a0, 0x00000161d93e4520, 0x00000161d93e5240,
0x00000161d93e86c0, 0x00000161d93e93e0, 0x00000161d93e8d50, 0x00000161d93e9a70,
0x00000161d93ea100, 0x00000161d93ea790, 0x00000161d93eae20, 0x00000161ddd1f370,
0x00000161ddd20090, 0x00000161ddd22160, 0x00000161ddd20db0, 0x00000161ddd21440,
0x00000161ddd1fa00, 0x00000161ddd1ece0, 0x00000161ddd227f0, 0x00000161ddd21ad0,
0x00000161ddd255e0, 0x00000161ddd24230, 0x00000161d8ddf740, 0x00000161d8ddfdd0,
0x00000161d8de0460, 0x00000161d8ddd670, 0x00000161d8ddea20, 0x00000161d8dddd00,
0x00000161d8dde390, 0x00000161d8ddf0b0, 0x00000161ddd24f50, 0x00000161ddd25c70,
0x00000161deacbc90, 0x00000161deacea80, 0x00000161deace3f0, 0x00000161deacc9b0,
0x00000161deacb600, 0x00000161deacf7a0, 0x00000161dead04c0, 0x00000161deacd040,
0x00000161deacfe30, 0x00000161deacd6d0, 0x00000161dead1870, 0x00000161dead11e0,
0x00000161dead1f00, 0x00000161ddc57b00, 0x00000161ddc58190, 0x00000161ddc54d10,
0x00000161ddc58820, 0x00000161ddc553a0, 0x00000161ddc56de0, 0x00000161ddc56750,
0x00000161ddc57470, 0x00000161ddc58eb0, 0x00000161ddc55a30, 0x00000161df46bd60,
0x00000161daf9bea0, 0x00000161daf9d310
}

Java Threads: ( => current thread )
  0x00000161f86c8cd0 JavaThread "main"                              [_thread_blocked, id=24264, stack(0x0000003ea8900000,0x0000003ea8a00000) (1024K)]
  0x0000016191775b00 JavaThread "Reference Handler"          daemon [_thread_blocked, id=12792, stack(0x0000003ea9100000,0x0000003ea9200000) (1024K)]
  0x0000016191777480 JavaThread "Finalizer"                  daemon [_thread_blocked, id=24440, stack(0x0000003ea9200000,0x0000003ea9300000) (1024K)]
  0x000001619177efc0 JavaThread "Signal Dispatcher"          daemon [_thread_blocked, id=24324, stack(0x0000003ea9300000,0x0000003ea9400000) (1024K)]
  0x000001619177fdb0 JavaThread "Attach Listener"            daemon [_thread_blocked, id=3208, stack(0x0000003ea9400000,0x0000003ea9500000) (1024K)]
  0x000001619178b7d0 JavaThread "Service Thread"             daemon [_thread_blocked, id=8212, stack(0x0000003ea9500000,0x0000003ea9600000) (1024K)]
  0x000001619178f0d0 JavaThread "Monitor Deflation Thread"   daemon [_thread_blocked, id=23756, stack(0x0000003ea9600000,0x0000003ea9700000) (1024K)]
  0x00000161917931e0 JavaThread "C2 CompilerThread0"         daemon [_thread_in_native, id=24380, stack(0x0000003ea9700000,0x0000003ea9800000) (1024K)]
  0x000001619179a3b0 JavaThread "C1 CompilerThread0"         daemon [_thread_blocked, id=14796, stack(0x0000003ea9800000,0x0000003ea9900000) (1024K)]
  0x00000161919c9500 JavaThread "Common-Cleaner"             daemon [_thread_blocked, id=8088, stack(0x0000003ea9900000,0x0000003ea9a00000) (1024K)]
  0x00000161919b80e0 JavaThread "Notification Thread"        daemon [_thread_blocked, id=23816, stack(0x0000003ea9a00000,0x0000003ea9b00000) (1024K)]
  0x00000161d8666da0 JavaThread "Daemon health stats"               [_thread_blocked, id=21636, stack(0x0000003eaa300000,0x0000003eaa400000) (1024K)]
  0x00000161d87a5f50 JavaThread "Incoming local TCP Connector on port 60010"        [_thread_in_native, id=23696, stack(0x0000003eaa400000,0x0000003eaa500000) (1024K)]
  0x00000161d86ac310 JavaThread "Daemon periodic checks"            [_thread_blocked, id=22428, stack(0x0000003eaa500000,0x0000003eaa600000) (1024K)]
  0x00000161d8714920 JavaThread "Daemon"                            [_thread_blocked, id=24368, stack(0x0000003eaa600000,0x0000003eaa700000) (1024K)]
  0x00000161d87100e0 JavaThread "Handler for socket connection from /127.0.0.1:60010 to /127.0.0.1:60011"        [_thread_in_native, id=7564, stack(0x0000003eaa700000,0x0000003eaa800000) (1024K)]
  0x00000161d86a29d0 JavaThread "Cancel handler"                    [_thread_blocked, id=24112, stack(0x0000003eaa800000,0x0000003eaa900000) (1024K)]
  0x00000161d86a3060 JavaThread "Daemon worker"                     [_thread_in_vm, id=20552, stack(0x0000003eaa900000,0x0000003eaaa00000) (1024K)]
  0x00000161d86a36f0 JavaThread "Asynchronous log dispatcher for DefaultDaemonConnection: socket connection from /127.0.0.1:60010 to /127.0.0.1:60011"        [_thread_blocked, id=16996, stack(0x0000003eaaa00000,0x0000003eaab00000) (1024K)]
  0x00000161d86a2340 JavaThread "Stdin handler"                     [_thread_blocked, id=24120, stack(0x0000003eaab00000,0x0000003eaac00000) (1024K)]
  0x00000161d88530b0 JavaThread "Daemon client event forwarder"        [_thread_blocked, id=23196, stack(0x0000003eaac00000,0x0000003eaad00000) (1024K)]
  0x00000161d88502c0 JavaThread "Cache worker for journal cache (C:\Users\Vilas\.gradle\caches\journal-1)"        [_thread_blocked, id=8668, stack(0x0000003eaad00000,0x0000003eaae00000) (1024K)]
  0x00000161d8850950 JavaThread "File lock request listener"        [_thread_in_native, id=24084, stack(0x0000003eaae00000,0x0000003eaaf00000) (1024K)]
  0x00000161d8852390 JavaThread "Cache worker for file hash cache (C:\Users\Vilas\.gradle\caches\8.14.3\fileHashes)"        [_thread_blocked, id=13124, stack(0x0000003eab000000,0x0000003eab100000) (1024K)]
  0x00000161d8853740 JavaThread "Cache worker for file hash cache (C:\Users\Vilas\OneDrive\Desktop\mobile view\android\.gradle\8.14.3\fileHashes)"        [_thread_blocked, id=23560, stack(0x0000003eab500000,0x0000003eab600000) (1024K)]
  0x00000161d8853dd0 JavaThread "Cache worker for Build Output Cleanup Cache (C:\Users\Vilas\OneDrive\Desktop\mobile view\android\.gradle\buildOutputCleanup)"        [_thread_blocked, id=10824, stack(0x0000003eab600000,0x0000003eab700000) (1024K)]
  0x00000161d8854460 JavaThread "File watcher server"        daemon [_thread_in_native, id=11724, stack(0x0000003eab700000,0x0000003eab800000) (1024K)]
  0x00000161d8850fe0 JavaThread "File watcher consumer"      daemon [_thread_blocked, id=14692, stack(0x0000003eab800000,0x0000003eab900000) (1024K)]
  0x00000161d88578e0 JavaThread "jar transforms"                    [_thread_blocked, id=3912, stack(0x0000003eab900000,0x0000003eaba00000) (1024K)]
  0x00000161d8854af0 JavaThread "jar transforms Thread 2"           [_thread_blocked, id=11224, stack(0x0000003eaba00000,0x0000003eabb00000) (1024K)]
  0x00000161d8855ea0 JavaThread "Cache worker for checksums cache (C:\Users\Vilas\OneDrive\Desktop\mobile view\android\.gradle\8.14.3\checksums)"        [_thread_blocked, id=16052, stack(0x0000003eabb00000,0x0000003eabc00000) (1024K)]
  0x00000161d8855180 JavaThread "Cache worker for file content cache (C:\Users\Vilas\.gradle\caches\8.14.3\fileContent)"        [_thread_blocked, id=17432, stack(0x0000003eabc00000,0x0000003eabd00000) (1024K)]
  0x00000161d8856530 JavaThread "jar transforms Thread 3"           [_thread_blocked, id=11376, stack(0x0000003eabd00000,0x0000003eabe00000) (1024K)]
  0x00000161d8856bc0 JavaThread "jar transforms Thread 4"           [_thread_blocked, id=23036, stack(0x0000003eabe00000,0x0000003eabf00000) (1024K)]
  0x00000161daae1830 JavaThread "Cache worker for cache directory md-supplier (C:\Users\Vilas\.gradle\caches\8.14.3\md-supplier)"        [_thread_blocked, id=16252, stack(0x0000003eabf00000,0x0000003eac000000) (1024K)]
  0x00000161daae3270 JavaThread "Cache worker for cache directory md-rule (C:\Users\Vilas\.gradle\caches\8.14.3\md-rule)"        [_thread_blocked, id=21176, stack(0x0000003eac000000,0x0000003eac100000) (1024K)]
  0x00000161daae11a0 JavaThread "jar transforms Thread 5"           [_thread_blocked, id=14252, stack(0x0000003eac100000,0x0000003eac200000) (1024K)]
  0x00000161daae0480 JavaThread "Unconstrained build operations"        [_thread_blocked, id=12896, stack(0x0000003eac200000,0x0000003eac300000) (1024K)]
  0x00000161daae3f90 JavaThread "Unconstrained build operations Thread 2"        [_thread_blocked, id=17908, stack(0x0000003eac300000,0x0000003eac400000) (1024K)]
  0x00000161daae0b10 JavaThread "Unconstrained build operations Thread 3"        [_thread_blocked, id=3572, stack(0x0000003eac400000,0x0000003eac500000) (1024K)]
  0x00000161daae4620 JavaThread "Unconstrained build operations Thread 4"        [_thread_blocked, id=15764, stack(0x0000003eac500000,0x0000003eac600000) (1024K)]
  0x00000161daae4cb0 JavaThread "Unconstrained build operations Thread 5"        [_thread_blocked, id=7236, stack(0x0000003eac600000,0x0000003eac700000) (1024K)]
  0x00000161daae5340 JavaThread "Unconstrained build operations Thread 6"        [_thread_blocked, id=1244, stack(0x0000003eac700000,0x0000003eac800000) (1024K)]
  0x00000161daae59d0 JavaThread "Unconstrained build operations Thread 7"        [_thread_blocked, id=7472, stack(0x0000003eac800000,0x0000003eac900000) (1024K)]
  0x00000161daae6060 JavaThread "Unconstrained build operations Thread 8"        [_thread_blocked, id=16556, stack(0x0000003eac900000,0x0000003eaca00000) (1024K)]
  0x00000161daae2be0 JavaThread "Unconstrained build operations Thread 9"        [_thread_blocked, id=4108, stack(0x0000003eaca00000,0x0000003eacb00000) (1024K)]
  0x00000161daae66f0 JavaThread "Unconstrained build operations Thread 10"        [_thread_blocked, id=20256, stack(0x0000003eacb00000,0x0000003eacc00000) (1024K)]
  0x00000161daae6d80 JavaThread "Unconstrained build operations Thread 11"        [_thread_blocked, id=8328, stack(0x0000003eacc00000,0x0000003eacd00000) (1024K)]
  0x00000161daae7410 JavaThread "Unconstrained build operations Thread 12"        [_thread_blocked, id=23592, stack(0x0000003eacd00000,0x0000003eace00000) (1024K)]
  0x00000161d93e58d0 JavaThread "Unconstrained build operations Thread 13"        [_thread_blocked, id=23848, stack(0x0000003eace00000,0x0000003eacf00000) (1024K)]
  0x00000161d93e5f60 JavaThread "Unconstrained build operations Thread 14"        [_thread_blocked, id=19984, stack(0x0000003eacf00000,0x0000003ead000000) (1024K)]
  0x00000161d93e4bb0 JavaThread "Unconstrained build operations Thread 15"        [_thread_blocked, id=23768, stack(0x0000003ead000000,0x0000003ead100000) (1024K)]
  0x00000161d93e3e90 JavaThread "Unconstrained build operations Thread 16"        [_thread_blocked, id=24016, stack(0x0000003ead100000,0x0000003ead200000) (1024K)]
  0x00000161d93e6c80 JavaThread "Unconstrained build operations Thread 17"        [_thread_blocked, id=22592, stack(0x0000003ead200000,0x0000003ead300000) (1024K)]
  0x00000161d93e65f0 JavaThread "Unconstrained build operations Thread 18"        [_thread_blocked, id=20440, stack(0x0000003ead300000,0x0000003ead400000) (1024K)]
  0x00000161d93e3800 JavaThread "Unconstrained build operations Thread 19"        [_thread_blocked, id=7984, stack(0x0000003ead400000,0x0000003ead500000) (1024K)]
  0x00000161d93e7310 JavaThread "Unconstrained build operations Thread 20"        [_thread_blocked, id=22744, stack(0x0000003ead500000,0x0000003ead600000) (1024K)]
  0x00000161d93e79a0 JavaThread "Unconstrained build operations Thread 21"        [_thread_blocked, id=22716, stack(0x0000003ead600000,0x0000003ead700000) (1024K)]
  0x00000161d93e4520 JavaThread "Unconstrained build operations Thread 22"        [_thread_blocked, id=6868, stack(0x0000003ead700000,0x0000003ead800000) (1024K)]
  0x00000161d93e5240 JavaThread "Unconstrained build operations Thread 23"        [_thread_blocked, id=24108, stack(0x0000003ead800000,0x0000003ead900000) (1024K)]
  0x00000161d93e86c0 JavaThread "Unconstrained build operations Thread 24"        [_thread_blocked, id=24100, stack(0x0000003ead900000,0x0000003eada00000) (1024K)]
  0x00000161d93e93e0 JavaThread "Unconstrained build operations Thread 25"        [_thread_blocked, id=18580, stack(0x0000003eada00000,0x0000003eadb00000) (1024K)]
  0x00000161d93e8d50 JavaThread "Unconstrained build operations Thread 26"        [_thread_blocked, id=24080, stack(0x0000003eadb00000,0x0000003eadc00000) (1024K)]
  0x00000161d93e9a70 JavaThread "Unconstrained build operations Thread 27"        [_thread_blocked, id=23932, stack(0x0000003eadc00000,0x0000003eadd00000) (1024K)]
  0x00000161d93ea100 JavaThread "Unconstrained build operations Thread 28"        [_thread_blocked, id=6740, stack(0x0000003eadd00000,0x0000003eade00000) (1024K)]
  0x00000161d93ea790 JavaThread "Unconstrained build operations Thread 29"        [_thread_blocked, id=18256, stack(0x0000003eade00000,0x0000003eadf00000) (1024K)]
  0x00000161d93eae20 JavaThread "Unconstrained build operations Thread 30"        [_thread_blocked, id=15196, stack(0x0000003eadf00000,0x0000003eae000000) (1024K)]
  0x00000161ddd1f370 JavaThread "Unconstrained build operations Thread 31"        [_thread_blocked, id=24500, stack(0x0000003eae000000,0x0000003eae100000) (1024K)]
  0x00000161ddd20090 JavaThread "Unconstrained build operations Thread 32"        [_thread_blocked, id=11696, stack(0x0000003eae100000,0x0000003eae200000) (1024K)]
  0x00000161ddd22160 JavaThread "Unconstrained build operations Thread 33"        [_thread_blocked, id=24308, stack(0x0000003eae200000,0x0000003eae300000) (1024K)]
  0x00000161ddd20db0 JavaThread "jar transforms Thread 6"           [_thread_blocked, id=5876, stack(0x0000003eae300000,0x0000003eae400000) (1024K)]
  0x00000161ddd21440 JavaThread "jar transforms Thread 7"           [_thread_blocked, id=14640, stack(0x0000003eae400000,0x0000003eae500000) (1024K)]
  0x00000161ddd1fa00 JavaThread "jar transforms Thread 8"           [_thread_blocked, id=9684, stack(0x0000003eae500000,0x0000003eae600000) (1024K)]
  0x00000161ddd1ece0 JavaThread "jar transforms Thread 9"           [_thread_blocked, id=23124, stack(0x0000003eae600000,0x0000003eae700000) (1024K)]
  0x00000161ddd227f0 JavaThread "jar transforms Thread 10"          [_thread_blocked, id=14304, stack(0x0000003eae700000,0x0000003eae800000) (1024K)]
  0x00000161ddd21ad0 JavaThread "Memory manager"                    [_thread_blocked, id=8356, stack(0x0000003eaaf00000,0x0000003eab000000) (1024K)]
  0x00000161ddd255e0 JavaThread "jar transforms Thread 11"          [_thread_blocked, id=24492, stack(0x0000003eae900000,0x0000003eaea00000) (1024K)]
  0x00000161ddd24230 JavaThread "jar transforms Thread 12"          [_thread_blocked, id=14092, stack(0x0000003eaea00000,0x0000003eaeb00000) (1024K)]
  0x00000161d8ddf740 JavaThread "Unconstrained build operations Thread 34"        [_thread_blocked, id=22720, stack(0x0000003eaeb00000,0x0000003eaec00000) (1024K)]
  0x00000161d8ddfdd0 JavaThread "Unconstrained build operations Thread 35"        [_thread_blocked, id=24304, stack(0x0000003eaec00000,0x0000003eaed00000) (1024K)]
  0x00000161d8de0460 JavaThread "Unconstrained build operations Thread 36"        [_thread_blocked, id=18996, stack(0x0000003eaed00000,0x0000003eaee00000) (1024K)]
  0x00000161d8ddd670 JavaThread "Unconstrained build operations Thread 37"        [_thread_blocked, id=22740, stack(0x0000003eaee00000,0x0000003eaef00000) (1024K)]
  0x00000161d8ddea20 JavaThread "Unconstrained build operations Thread 38"        [_thread_blocked, id=21512, stack(0x0000003eaef00000,0x0000003eaf000000) (1024K)]
  0x00000161d8dddd00 JavaThread "Unconstrained build operations Thread 39"        [_thread_blocked, id=23236, stack(0x0000003eaf000000,0x0000003eaf100000) (1024K)]
  0x00000161d8dde390 JavaThread "Unconstrained build operations Thread 40"        [_thread_blocked, id=17244, stack(0x0000003eaf100000,0x0000003eaf200000) (1024K)]
  0x00000161d8ddf0b0 JavaThread "Unconstrained build operations Thread 41"        [_thread_blocked, id=3356, stack(0x0000003eaf200000,0x0000003eaf300000) (1024K)]
  0x00000161ddd24f50 JavaThread "Unconstrained build operations Thread 42"        [_thread_blocked, id=13196, stack(0x0000003eaf300000,0x0000003eaf400000) (1024K)]
  0x00000161ddd25c70 JavaThread "Unconstrained build operations Thread 43"        [_thread_blocked, id=8428, stack(0x0000003eaf400000,0x0000003eaf500000) (1024K)]
  0x00000161deacbc90 JavaThread "Unconstrained build operations Thread 44"        [_thread_blocked, id=22396, stack(0x0000003eaf500000,0x0000003eaf600000) (1024K)]
  0x00000161deacea80 JavaThread "Unconstrained build operations Thread 45"        [_thread_blocked, id=18116, stack(0x0000003eaf600000,0x0000003eaf700000) (1024K)]
  0x00000161deace3f0 JavaThread "Unconstrained build operations Thread 46"        [_thread_blocked, id=21912, stack(0x0000003eaf700000,0x0000003eaf800000) (1024K)]
  0x00000161deacc9b0 JavaThread "Unconstrained build operations Thread 47"        [_thread_blocked, id=17916, stack(0x0000003eaf800000,0x0000003eaf900000) (1024K)]
  0x00000161deacb600 JavaThread "Unconstrained build operations Thread 48"        [_thread_blocked, id=13520, stack(0x0000003eaf900000,0x0000003eafa00000) (1024K)]
  0x00000161deacf7a0 JavaThread "Unconstrained build operations Thread 49"        [_thread_blocked, id=23536, stack(0x0000003eafa00000,0x0000003eafb00000) (1024K)]
  0x00000161dead04c0 JavaThread "Unconstrained build operations Thread 50"        [_thread_blocked, id=2544, stack(0x0000003eafb00000,0x0000003eafc00000) (1024K)]
  0x00000161deacd040 JavaThread "Unconstrained build operations Thread 51"        [_thread_blocked, id=23916, stack(0x0000003eafc00000,0x0000003eafd00000) (1024K)]
  0x00000161deacfe30 JavaThread "Unconstrained build operations Thread 52"        [_thread_blocked, id=23156, stack(0x0000003eafd00000,0x0000003eafe00000) (1024K)]
  0x00000161deacd6d0 JavaThread "Unconstrained build operations Thread 53"        [_thread_blocked, id=23568, stack(0x0000003eafe00000,0x0000003eaff00000) (1024K)]
  0x00000161dead1870 JavaThread "Unconstrained build operations Thread 54"        [_thread_blocked, id=12152, stack(0x0000003eaff00000,0x0000003eb0000000) (1024K)]
  0x00000161dead11e0 JavaThread "Unconstrained build operations Thread 55"        [_thread_blocked, id=22252, stack(0x0000003eb0000000,0x0000003eb0100000) (1024K)]
  0x00000161dead1f00 JavaThread "Unconstrained build operations Thread 56"        [_thread_blocked, id=23356, stack(0x0000003eb0100000,0x0000003eb0200000) (1024K)]
  0x00000161ddc57b00 JavaThread "Unconstrained build operations Thread 57"        [_thread_blocked, id=20940, stack(0x0000003eb0200000,0x0000003eb0300000) (1024K)]
  0x00000161ddc58190 JavaThread "Unconstrained build operations Thread 58"        [_thread_blocked, id=10684, stack(0x0000003eb0300000,0x0000003eb0400000) (1024K)]
  0x00000161ddc54d10 JavaThread "Unconstrained build operations Thread 59"        [_thread_blocked, id=22120, stack(0x0000003eb0400000,0x0000003eb0500000) (1024K)]
  0x00000161ddc58820 JavaThread "Unconstrained build operations Thread 60"        [_thread_blocked, id=24128, stack(0x0000003eb0500000,0x0000003eb0600000) (1024K)]
  0x00000161ddc553a0 JavaThread "Unconstrained build operations Thread 61"        [_thread_blocked, id=1892, stack(0x0000003eb0600000,0x0000003eb0700000) (1024K)]
  0x00000161ddc56de0 JavaThread "Unconstrained build operations Thread 62"        [_thread_blocked, id=15844, stack(0x0000003eb0700000,0x0000003eb0800000) (1024K)]
  0x00000161ddc56750 JavaThread "Unconstrained build operations Thread 63"        [_thread_blocked, id=2308, stack(0x0000003eb0800000,0x0000003eb0900000) (1024K)]
  0x00000161ddc57470 JavaThread "Unconstrained build operations Thread 64"        [_thread_blocked, id=15632, stack(0x0000003eb0900000,0x0000003eb0a00000) (1024K)]
  0x00000161ddc58eb0 JavaThread "Unconstrained build operations Thread 65"        [_thread_blocked, id=14464, stack(0x0000003eb0a00000,0x0000003eb0b00000) (1024K)]
  0x00000161ddc55a30 JavaThread "Unconstrained build operations Thread 66"        [_thread_blocked, id=15636, stack(0x0000003eb0b00000,0x0000003eb0c00000) (1024K)]
  0x00000161df46bd60 JavaThread "pool-3-thread-1"                   [_thread_blocked, id=19540, stack(0x0000003eb0c00000,0x0000003eb0d00000) (1024K)]
  0x00000161daf9bea0 JavaThread "C2 CompilerThread1"         daemon [_thread_blocked, id=18740, stack(0x0000003eab100000,0x0000003eab200000) (1024K)]
=>0x00000161daf9d310 JavaThread "C2 CompilerThread2"         daemon [_thread_in_native, id=24256, stack(0x0000003eae800000,0x0000003eae900000) (1024K)]
Total: 114

Other Threads:
  0x000001619175c250 VMThread "VM Thread"                           [id=23276, stack(0x0000003ea9000000,0x0000003ea9100000) (1024K)]
  0x0000016191747070 WatcherThread "VM Periodic Task Thread"        [id=23528, stack(0x0000003ea8f00000,0x0000003ea9000000) (1024K)]
  0x00000161f8379fd0 WorkerThread "GC Thread#0"                     [id=24192, stack(0x0000003ea8a00000,0x0000003ea8b00000) (1024K)]
  0x00000161d710f2f0 WorkerThread "GC Thread#1"                     [id=17588, stack(0x0000003ea9d00000,0x0000003ea9e00000) (1024K)]
  0x00000161d710f6a0 WorkerThread "GC Thread#2"                     [id=7436, stack(0x0000003ea9e00000,0x0000003ea9f00000) (1024K)]
  0x00000161d710fa50 WorkerThread "GC Thread#3"                     [id=14168, stack(0x0000003ea9f00000,0x0000003eaa000000) (1024K)]
  0x00000161d710fe00 WorkerThread "GC Thread#4"                     [id=2176, stack(0x0000003eaa000000,0x0000003eaa100000) (1024K)]
  0x00000161d7aaffa0 WorkerThread "GC Thread#5"                     [id=22392, stack(0x0000003ea9b00000,0x0000003ea9c00000) (1024K)]
  0x00000161d7ab0350 WorkerThread "GC Thread#6"                     [id=6408, stack(0x0000003ea9c00000,0x0000003ea9d00000) (1024K)]
  0x00000161d7ab0700 WorkerThread "GC Thread#7"                     [id=10248, stack(0x0000003eaa100000,0x0000003eaa200000) (1024K)]
  0x00000161d876daa0 WorkerThread "GC Thread#8"                     [id=22076, stack(0x0000003eaa200000,0x0000003eaa300000) (1024K)]
  0x00000161d876bd20 WorkerThread "GC Thread#9"                     [id=21468, stack(0x0000003eab200000,0x0000003eab300000) (1024K)]
  0x00000161f8719e10 ConcurrentGCThread "G1 Main Marker"            [id=13488, stack(0x0000003ea8b00000,0x0000003ea8c00000) (1024K)]
  0x00000161f871a830 WorkerThread "G1 Conc#0"                       [id=1580, stack(0x0000003ea8c00000,0x0000003ea8d00000) (1024K)]
  0x00000161d876c0d0 WorkerThread "G1 Conc#1"                       [id=23620, stack(0x0000003eab300000,0x0000003eab400000) (1024K)]
  0x00000161d876cbe0 WorkerThread "G1 Conc#2"                       [id=14604, stack(0x0000003eab400000,0x0000003eab500000) (1024K)]
  0x00000161916186e0 ConcurrentGCThread "G1 Refine#0"               [id=24224, stack(0x0000003ea8d00000,0x0000003ea8e00000) (1024K)]
  0x000001619161a020 ConcurrentGCThread "G1 Service"                [id=21080, stack(0x0000003ea8e00000,0x0000003ea8f00000) (1024K)]
Total: 18

Threads with active compile tasks:
C2 CompilerThread0  24493 11541       4       org.gradle.internal.instantiation.generator.AbstractClassGenerator::inspectType (602 bytes)
C2 CompilerThread2  24493 11706       4       org.objectweb.asm.Frame::execute (2303 bytes)
Total: 2

VM state: not at safepoint (normal execution)

VM Mutex/Monitor currently owned by a thread: None

Heap address: 0x00000000a0000000, size: 1536 MB, Compressed Oops mode: 32-bit

CDS archive(s) mapped at: [0x0000016192000000-0x0000016192ba0000-0x0000016192ba0000), size 12189696, SharedBaseAddress: 0x0000016192000000, ArchiveRelocationMode: 1.
Compressed class space mapped at: 0x0000016193000000-0x00000161d3000000, reserved size: 1073741824
Narrow klass base: 0x0000016192000000, Narrow klass shift: 0, Narrow klass range: 0x100000000

GC Precious Log:
 CardTable entry size: 512
 Card Set container configuration: InlinePtr #cards 5 size 8 Array Of Cards #cards 12 size 40 Howl #buckets 4 coarsen threshold 1843 Howl Bitmap #cards 512 size 80 coarsen threshold 460 Card regions per heap region 1 cards per card region 2048
 CPUs: 12 total, 12 available
 Memory: 15712M
 Large Page Support: Disabled
 NUMA Support: Disabled
 Compressed Oops: Enabled (32-bit)
 Heap Region Size: 1M
 Heap Min Capacity: 8M
 Heap Initial Capacity: 246M
 Heap Max Capacity: 1536M
 Pre-touch: Disabled
 Parallel Workers: 10
 Concurrent Workers: 3
 Concurrent Refinement Workers: 10
 Periodic GC: Disabled

Heap:
 garbage-first heap   total 176128K, used 131400K [0x00000000a0000000, 0x0000000100000000)
  region size 1024K, 37 young (37888K), 7 survivors (7168K)
 Metaspace       used 83020K, committed 85248K, reserved 1179648K
  class space    used 11572K, committed 12672K, reserved 1048576K

Heap Regions: E=young(eden), S=young(survivor), O=old, HS=humongous(starts), HC=humongous(continues), CS=collection set, F=free, TAMS=top-at-mark-start, PB=parsable bottom
|   0|0x00000000a0000000, 0x00000000a0100000, 0x00000000a0100000|100%|HS|  |TAMS 0x00000000a0000000| PB 0x00000000a0000000| Complete 
|   1|0x00000000a0100000, 0x00000000a0200000, 0x00000000a0200000|100%|HC|  |TAMS 0x00000000a0100000| PB 0x00000000a0100000| Complete 
|   2|0x00000000a0200000, 0x00000000a0300000, 0x00000000a0300000|100%|HC|  |TAMS 0x00000000a0200000| PB 0x00000000a0200000| Complete 
|   3|0x00000000a0300000, 0x00000000a0400000, 0x00000000a0400000|100%| O|  |TAMS 0x00000000a0300000| PB 0x00000000a0300000| Untracked 
|   4|0x00000000a0400000, 0x00000000a0500000, 0x00000000a0500000|100%| O|  |TAMS 0x00000000a0400000| PB 0x00000000a0400000| Untracked 
|   5|0x00000000a0500000, 0x00000000a0600000, 0x00000000a0600000|100%| O|  |TAMS 0x00000000a0500000| PB 0x00000000a0500000| Untracked 
|   6|0x00000000a0600000, 0x00000000a0700000, 0x00000000a0700000|100%|HS|  |TAMS 0x00000000a0600000| PB 0x00000000a0600000| Complete 
|   7|0x00000000a0700000, 0x00000000a0800000, 0x00000000a0800000|100%| O|  |TAMS 0x00000000a0700000| PB 0x00000000a0700000| Untracked 
|   8|0x00000000a0800000, 0x00000000a0900000, 0x00000000a0900000|100%| O|  |TAMS 0x00000000a0800000| PB 0x00000000a0800000| Untracked 
|   9|0x00000000a0900000, 0x00000000a0a00000, 0x00000000a0a00000|100%| O|  |TAMS 0x00000000a0900000| PB 0x00000000a0900000| Untracked 
|  10|0x00000000a0a00000, 0x00000000a0b00000, 0x00000000a0b00000|100%| O|  |TAMS 0x00000000a0a00000| PB 0x00000000a0a00000| Untracked 
|  11|0x00000000a0b00000, 0x00000000a0c00000, 0x00000000a0c00000|100%| O|  |TAMS 0x00000000a0b00000| PB 0x00000000a0b00000| Untracked 
|  12|0x00000000a0c00000, 0x00000000a0d00000, 0x00000000a0d00000|100%| O|  |TAMS 0x00000000a0c00000| PB 0x00000000a0c00000| Untracked 
|  13|0x00000000a0d00000, 0x00000000a0e00000, 0x00000000a0e00000|100%| O|  |TAMS 0x00000000a0d00000| PB 0x00000000a0d00000| Untracked 
|  14|0x00000000a0e00000, 0x00000000a0f00000, 0x00000000a0f00000|100%| O|  |TAMS 0x00000000a0e00000| PB 0x00000000a0e00000| Untracked 
|  15|0x00000000a0f00000, 0x00000000a1000000, 0x00000000a1000000|100%| O|  |TAMS 0x00000000a0f00000| PB 0x00000000a0f00000| Untracked 
|  16|0x00000000a1000000, 0x00000000a1100000, 0x00000000a1100000|100%| O|  |TAMS 0x00000000a1000000| PB 0x00000000a1000000| Untracked 
|  17|0x00000000a1100000, 0x00000000a1200000, 0x00000000a1200000|100%| O|  |TAMS 0x00000000a1100000| PB 0x00000000a1100000| Untracked 
|  18|0x00000000a1200000, 0x00000000a1300000, 0x00000000a1300000|100%| O|  |TAMS 0x00000000a1200000| PB 0x00000000a1200000| Untracked 
|  19|0x00000000a1300000, 0x00000000a1400000, 0x00000000a1400000|100%| O|  |TAMS 0x00000000a1300000| PB 0x00000000a1300000| Untracked 
|  20|0x00000000a1400000, 0x00000000a1500000, 0x00000000a1500000|100%| O|  |TAMS 0x00000000a1400000| PB 0x00000000a1400000| Untracked 
|  21|0x00000000a1500000, 0x00000000a1600000, 0x00000000a1600000|100%| O|  |TAMS 0x00000000a1500000| PB 0x00000000a1500000| Untracked 
|  22|0x00000000a1600000, 0x00000000a1700000, 0x00000000a1700000|100%| O|  |TAMS 0x00000000a1600000| PB 0x00000000a1600000| Untracked 
|  23|0x00000000a1700000, 0x00000000a1800000, 0x00000000a1800000|100%| O|  |TAMS 0x00000000a1700000| PB 0x00000000a1700000| Untracked 
|  24|0x00000000a1800000, 0x00000000a1900000, 0x00000000a1900000|100%| O|  |TAMS 0x00000000a1800000| PB 0x00000000a1800000| Untracked 
|  25|0x00000000a1900000, 0x00000000a1a00000, 0x00000000a1a00000|100%| O|  |TAMS 0x00000000a1900000| PB 0x00000000a1900000| Untracked 
|  26|0x00000000a1a00000, 0x00000000a1b00000, 0x00000000a1b00000|100%| O|  |TAMS 0x00000000a1a00000| PB 0x00000000a1a00000| Untracked 
|  27|0x00000000a1b00000, 0x00000000a1c00000, 0x00000000a1c00000|100%| O|  |TAMS 0x00000000a1b00000| PB 0x00000000a1b00000| Untracked 
|  28|0x00000000a1c00000, 0x00000000a1d00000, 0x00000000a1d00000|100%| O|  |TAMS 0x00000000a1c00000| PB 0x00000000a1c00000| Untracked 
|  29|0x00000000a1d00000, 0x00000000a1e00000, 0x00000000a1e00000|100%|HS|  |TAMS 0x00000000a1d00000| PB 0x00000000a1d00000| Complete 
|  30|0x00000000a1e00000, 0x00000000a1f00000, 0x00000000a1f00000|100%|HS|  |TAMS 0x00000000a1e00000| PB 0x00000000a1e00000| Complete 
|  31|0x00000000a1f00000, 0x00000000a2000000, 0x00000000a2000000|100%| O|  |TAMS 0x00000000a1f00000| PB 0x00000000a1f00000| Untracked 
|  32|0x00000000a2000000, 0x00000000a2100000, 0x00000000a2100000|100%|HS|  |TAMS 0x00000000a2000000| PB 0x00000000a2000000| Complete 
|  33|0x00000000a2100000, 0x00000000a2200000, 0x00000000a2200000|100%| O|  |TAMS 0x00000000a2100000| PB 0x00000000a2100000| Untracked 
|  34|0x00000000a2200000, 0x00000000a2300000, 0x00000000a2300000|100%| O|  |TAMS 0x00000000a2200000| PB 0x00000000a2200000| Untracked 
|  35|0x00000000a2300000, 0x00000000a2400000, 0x00000000a2400000|100%|HS|  |TAMS 0x00000000a2300000| PB 0x00000000a2300000| Complete 
|  36|0x00000000a2400000, 0x00000000a2500000, 0x00000000a2500000|100%| O|  |TAMS 0x00000000a2400000| PB 0x00000000a2400000| Untracked 
|  37|0x00000000a2500000, 0x00000000a2600000, 0x00000000a2600000|100%|HS|  |TAMS 0x00000000a2500000| PB 0x00000000a2500000| Complete 
|  38|0x00000000a2600000, 0x00000000a2700000, 0x00000000a2700000|100%| O|  |TAMS 0x00000000a2600000| PB 0x00000000a2600000| Untracked 
|  39|0x00000000a2700000, 0x00000000a2800000, 0x00000000a2800000|100%| O|  |TAMS 0x00000000a2700000| PB 0x00000000a2700000| Untracked 
|  40|0x00000000a2800000, 0x00000000a2900000, 0x00000000a2900000|100%| O|  |TAMS 0x00000000a2800000| PB 0x00000000a2800000| Untracked 
|  41|0x00000000a2900000, 0x00000000a2a00000, 0x00000000a2a00000|100%| O|  |TAMS 0x00000000a2900000| PB 0x00000000a2900000| Untracked 
|  42|0x00000000a2a00000, 0x00000000a2b00000, 0x00000000a2b00000|100%| O|  |TAMS 0x00000000a2a00000| PB 0x00000000a2a00000| Untracked 
|  43|0x00000000a2b00000, 0x00000000a2c00000, 0x00000000a2c00000|100%|HS|  |TAMS 0x00000000a2b00000| PB 0x00000000a2b00000| Complete 
|  44|0x00000000a2c00000, 0x00000000a2d00000, 0x00000000a2d00000|100%| O|  |TAMS 0x00000000a2c00000| PB 0x00000000a2c00000| Untracked 
|  45|0x00000000a2d00000, 0x00000000a2e00000, 0x00000000a2e00000|100%| O|  |TAMS 0x00000000a2d00000| PB 0x00000000a2d00000| Untracked 
|  46|0x00000000a2e00000, 0x00000000a2f00000, 0x00000000a2f00000|100%| O|  |TAMS 0x00000000a2e00000| PB 0x00000000a2e00000| Untracked 
|  47|0x00000000a2f00000, 0x00000000a3000000, 0x00000000a3000000|100%| O|  |TAMS 0x00000000a2f00000| PB 0x00000000a2f00000| Untracked 
|  48|0x00000000a3000000, 0x00000000a3100000, 0x00000000a3100000|100%|HS|  |TAMS 0x00000000a3000000| PB 0x00000000a3000000| Complete 
|  49|0x00000000a3100000, 0x00000000a3200000, 0x00000000a3200000|100%| O|  |TAMS 0x00000000a3100000| PB 0x00000000a3100000| Untracked 
|  50|0x00000000a3200000, 0x00000000a3300000, 0x00000000a3300000|100%| O|  |TAMS 0x00000000a3200000| PB 0x00000000a3200000| Untracked 
|  51|0x00000000a3300000, 0x00000000a3400000, 0x00000000a3400000|100%| O|  |TAMS 0x00000000a3300000| PB 0x00000000a3300000| Untracked 
|  52|0x00000000a3400000, 0x00000000a3500000, 0x00000000a3500000|100%| O|  |TAMS 0x00000000a3400000| PB 0x00000000a3400000| Untracked 
|  53|0x00000000a3500000, 0x00000000a3600000, 0x00000000a3600000|100%| O|  |TAMS 0x00000000a3500000| PB 0x00000000a3500000| Untracked 
|  54|0x00000000a3600000, 0x00000000a3700000, 0x00000000a3700000|100%| O|  |TAMS 0x00000000a3600000| PB 0x00000000a3600000| Untracked 
|  55|0x00000000a3700000, 0x00000000a3800000, 0x00000000a3800000|100%| O|  |TAMS 0x00000000a3700000| PB 0x00000000a3700000| Untracked 
|  56|0x00000000a3800000, 0x00000000a3900000, 0x00000000a3900000|100%| O|  |TAMS 0x00000000a3800000| PB 0x00000000a3800000| Untracked 
|  57|0x00000000a3900000, 0x00000000a3a00000, 0x00000000a3a00000|100%| O|  |TAMS 0x00000000a3900000| PB 0x00000000a3900000| Untracked 
|  58|0x00000000a3a00000, 0x00000000a3b00000, 0x00000000a3b00000|100%| O|Cm|TAMS 0x00000000a3a00000| PB 0x00000000a3a00000| Complete 
|  59|0x00000000a3b00000, 0x00000000a3c00000, 0x00000000a3c00000|100%| O|  |TAMS 0x00000000a3b00000| PB 0x00000000a3b00000| Untracked 
|  60|0x00000000a3c00000, 0x00000000a3d00000, 0x00000000a3d00000|100%| O|  |TAMS 0x00000000a3c00000| PB 0x00000000a3c00000| Untracked 
|  61|0x00000000a3d00000, 0x00000000a3e00000, 0x00000000a3e00000|100%| O|  |TAMS 0x00000000a3d00000| PB 0x00000000a3d00000| Untracked 
|  62|0x00000000a3e00000, 0x00000000a3f00000, 0x00000000a3f00000|100%| O|  |TAMS 0x00000000a3e00000| PB 0x00000000a3e00000| Untracked 
|  63|0x00000000a3f00000, 0x00000000a4000000, 0x00000000a4000000|100%| O|  |TAMS 0x00000000a3f00000| PB 0x00000000a3f00000| Untracked 
|  64|0x00000000a4000000, 0x00000000a4100000, 0x00000000a4100000|100%| O|  |TAMS 0x00000000a4000000| PB 0x00000000a4000000| Untracked 
|  65|0x00000000a4100000, 0x00000000a4200000, 0x00000000a4200000|100%| O|  |TAMS 0x00000000a4100000| PB 0x00000000a4100000| Untracked 
|  66|0x00000000a4200000, 0x00000000a4300000, 0x00000000a4300000|100%| O|  |TAMS 0x00000000a4200000| PB 0x00000000a4200000| Untracked 
|  67|0x00000000a4300000, 0x00000000a4400000, 0x00000000a4400000|100%| O|  |TAMS 0x00000000a4300000| PB 0x00000000a4300000| Untracked 
|  68|0x00000000a4400000, 0x00000000a4500000, 0x00000000a4500000|100%| O|  |TAMS 0x00000000a4400000| PB 0x00000000a4400000| Untracked 
|  69|0x00000000a4500000, 0x00000000a4600000, 0x00000000a4600000|100%| O|  |TAMS 0x00000000a4500000| PB 0x00000000a4500000| Untracked 
|  70|0x00000000a4600000, 0x00000000a4700000, 0x00000000a4700000|100%|HS|  |TAMS 0x00000000a4600000| PB 0x00000000a4600000| Complete 
|  71|0x00000000a4700000, 0x00000000a4800000, 0x00000000a4800000|100%|HS|  |TAMS 0x00000000a4700000| PB 0x00000000a4700000| Complete 
|  72|0x00000000a4800000, 0x00000000a4900000, 0x00000000a4900000|100%|HS|  |TAMS 0x00000000a4800000| PB 0x00000000a4800000| Complete 
|  73|0x00000000a4900000, 0x00000000a4a00000, 0x00000000a4a00000|100%|HS|  |TAMS 0x00000000a4900000| PB 0x00000000a4900000| Complete 
|  74|0x00000000a4a00000, 0x00000000a4b00000, 0x00000000a4b00000|100%|HS|  |TAMS 0x00000000a4a00000| PB 0x00000000a4a00000| Complete 
|  75|0x00000000a4b00000, 0x00000000a4c00000, 0x00000000a4c00000|100%|HS|  |TAMS 0x00000000a4b00000| PB 0x00000000a4b00000| Complete 
|  76|0x00000000a4c00000, 0x00000000a4d00000, 0x00000000a4d00000|100%| O|  |TAMS 0x00000000a4c00000| PB 0x00000000a4c00000| Untracked 
|  77|0x00000000a4d00000, 0x00000000a4e00000, 0x00000000a4e00000|100%| O|  |TAMS 0x00000000a4d00000| PB 0x00000000a4d00000| Untracked 
|  78|0x00000000a4e00000, 0x00000000a4f00000, 0x00000000a4f00000|100%| O|  |TAMS 0x00000000a4e00000| PB 0x00000000a4e00000| Untracked 
|  79|0x00000000a4f00000, 0x00000000a5000000, 0x00000000a5000000|100%| S|CS|TAMS 0x00000000a4f00000| PB 0x00000000a4f00000| Complete 
|  80|0x00000000a5000000, 0x00000000a5100000, 0x00000000a5100000|100%| S|CS|TAMS 0x00000000a5000000| PB 0x00000000a5000000| Complete 
|  81|0x00000000a5100000, 0x00000000a5200000, 0x00000000a5200000|100%| S|CS|TAMS 0x00000000a5100000| PB 0x00000000a5100000| Complete 
|  82|0x00000000a5200000, 0x00000000a5300000, 0x00000000a5300000|100%| S|CS|TAMS 0x00000000a5200000| PB 0x00000000a5200000| Complete 
|  83|0x00000000a5300000, 0x00000000a5300000, 0x00000000a5400000|  0%| F|  |TAMS 0x00000000a5300000| PB 0x00000000a5300000| Untracked 
|  84|0x00000000a5400000, 0x00000000a5400000, 0x00000000a5500000|  0%| F|  |TAMS 0x00000000a5400000| PB 0x00000000a5400000| Untracked 
|  85|0x00000000a5500000, 0x00000000a5500000, 0x00000000a5600000|  0%| F|  |TAMS 0x00000000a5500000| PB 0x00000000a5500000| Untracked 
|  86|0x00000000a5600000, 0x00000000a5600000, 0x00000000a5700000|  0%| F|  |TAMS 0x00000000a5600000| PB 0x00000000a5600000| Untracked 
|  87|0x00000000a5700000, 0x00000000a5700000, 0x00000000a5800000|  0%| F|  |TAMS 0x00000000a5700000| PB 0x00000000a5700000| Untracked 
|  88|0x00000000a5800000, 0x00000000a5800000, 0x00000000a5900000|  0%| F|  |TAMS 0x00000000a5800000| PB 0x00000000a5800000| Untracked 
|  89|0x00000000a5900000, 0x00000000a5900000, 0x00000000a5a00000|  0%| F|  |TAMS 0x00000000a5900000| PB 0x00000000a5900000| Untracked 
|  90|0x00000000a5a00000, 0x00000000a5a00000, 0x00000000a5b00000|  0%| F|  |TAMS 0x00000000a5a00000| PB 0x00000000a5a00000| Untracked 
|  91|0x00000000a5b00000, 0x00000000a5b00000, 0x00000000a5c00000|  0%| F|  |TAMS 0x00000000a5b00000| PB 0x00000000a5b00000| Untracked 
|  92|0x00000000a5c00000, 0x00000000a5c00000, 0x00000000a5d00000|  0%| F|  |TAMS 0x00000000a5c00000| PB 0x00000000a5c00000| Untracked 
|  93|0x00000000a5d00000, 0x00000000a5d00000, 0x00000000a5e00000|  0%| F|  |TAMS 0x00000000a5d00000| PB 0x00000000a5d00000| Untracked 
|  94|0x00000000a5e00000, 0x00000000a5e00000, 0x00000000a5f00000|  0%| F|  |TAMS 0x00000000a5e00000| PB 0x00000000a5e00000| Untracked 
|  95|0x00000000a5f00000, 0x00000000a5f00000, 0x00000000a6000000|  0%| F|  |TAMS 0x00000000a5f00000| PB 0x00000000a5f00000| Untracked 
|  96|0x00000000a6000000, 0x00000000a6000000, 0x00000000a6100000|  0%| F|  |TAMS 0x00000000a6000000| PB 0x00000000a6000000| Untracked 
|  97|0x00000000a6100000, 0x00000000a6100000, 0x00000000a6200000|  0%| F|  |TAMS 0x00000000a6100000| PB 0x00000000a6100000| Untracked 
|  98|0x00000000a6200000, 0x00000000a6200000, 0x00000000a6300000|  0%| F|  |TAMS 0x00000000a6200000| PB 0x00000000a6200000| Untracked 
|  99|0x00000000a6300000, 0x00000000a6300000, 0x00000000a6400000|  0%| F|  |TAMS 0x00000000a6300000| PB 0x00000000a6300000| Untracked 
| 100|0x00000000a6400000, 0x00000000a6400000, 0x00000000a6500000|  0%| F|  |TAMS 0x00000000a6400000| PB 0x00000000a6400000| Untracked 
| 101|0x00000000a6500000, 0x00000000a6500000, 0x00000000a6600000|  0%| F|  |TAMS 0x00000000a6500000| PB 0x00000000a6500000| Untracked 
| 102|0x00000000a6600000, 0x00000000a6600000, 0x00000000a6700000|  0%| F|  |TAMS 0x00000000a6600000| PB 0x00000000a6600000| Untracked 
| 103|0x00000000a6700000, 0x00000000a6700000, 0x00000000a6800000|  0%| F|  |TAMS 0x00000000a6700000| PB 0x00000000a6700000| Untracked 
| 104|0x00000000a6800000, 0x00000000a6800000, 0x00000000a6900000|  0%| F|  |TAMS 0x00000000a6800000| PB 0x00000000a6800000| Untracked 
| 105|0x00000000a6900000, 0x00000000a6900000, 0x00000000a6a00000|  0%| F|  |TAMS 0x00000000a6900000| PB 0x00000000a6900000| Untracked 
| 106|0x00000000a6a00000, 0x00000000a6a00000, 0x00000000a6b00000|  0%| F|  |TAMS 0x00000000a6a00000| PB 0x00000000a6a00000| Untracked 
| 107|0x00000000a6b00000, 0x00000000a6b00000, 0x00000000a6c00000|  0%| F|  |TAMS 0x00000000a6b00000| PB 0x00000000a6b00000| Untracked 
| 108|0x00000000a6c00000, 0x00000000a6c00000, 0x00000000a6d00000|  0%| F|  |TAMS 0x00000000a6c00000| PB 0x00000000a6c00000| Untracked 
| 109|0x00000000a6d00000, 0x00000000a6d00000, 0x00000000a6e00000|  0%| F|  |TAMS 0x00000000a6d00000| PB 0x00000000a6d00000| Untracked 
| 110|0x00000000a6e00000, 0x00000000a6e00000, 0x00000000a6f00000|  0%| F|  |TAMS 0x00000000a6e00000| PB 0x00000000a6e00000| Untracked 
| 111|0x00000000a6f00000, 0x00000000a6f00000, 0x00000000a7000000|  0%| F|  |TAMS 0x00000000a6f00000| PB 0x00000000a6f00000| Untracked 
| 112|0x00000000a7000000, 0x00000000a7000000, 0x00000000a7100000|  0%| F|  |TAMS 0x00000000a7000000| PB 0x00000000a7000000| Untracked 
| 113|0x00000000a7100000, 0x00000000a7200000, 0x00000000a7200000|100%| S|CS|TAMS 0x00000000a7100000| PB 0x00000000a7100000| Complete 
| 114|0x00000000a7200000, 0x00000000a7300000, 0x00000000a7300000|100%| S|CS|TAMS 0x00000000a7200000| PB 0x00000000a7200000| Complete 
| 115|0x00000000a7300000, 0x00000000a7400000, 0x00000000a7400000|100%| S|CS|TAMS 0x00000000a7300000| PB 0x00000000a7300000| Complete 
| 116|0x00000000a7400000, 0x00000000a7400000, 0x00000000a7500000|  0%| F|  |TAMS 0x00000000a7400000| PB 0x00000000a7400000| Untracked 
| 117|0x00000000a7500000, 0x00000000a7500000, 0x00000000a7600000|  0%| F|  |TAMS 0x00000000a7500000| PB 0x00000000a7500000| Untracked 
| 118|0x00000000a7600000, 0x00000000a7600000, 0x00000000a7700000|  0%| F|  |TAMS 0x00000000a7600000| PB 0x00000000a7600000| Untracked 
| 119|0x00000000a7700000, 0x00000000a7700000, 0x00000000a7800000|  0%| F|  |TAMS 0x00000000a7700000| PB 0x00000000a7700000| Untracked 
| 120|0x00000000a7800000, 0x00000000a7800000, 0x00000000a7900000|  0%| F|  |TAMS 0x00000000a7800000| PB 0x00000000a7800000| Untracked 
| 121|0x00000000a7900000, 0x00000000a7900000, 0x00000000a7a00000|  0%| F|  |TAMS 0x00000000a7900000| PB 0x00000000a7900000| Untracked 
| 122|0x00000000a7a00000, 0x00000000a7a00000, 0x00000000a7b00000|  0%| F|  |TAMS 0x00000000a7a00000| PB 0x00000000a7a00000| Untracked 
| 123|0x00000000a7b00000, 0x00000000a7b00000, 0x00000000a7c00000|  0%| F|  |TAMS 0x00000000a7b00000| PB 0x00000000a7b00000| Untracked 
| 124|0x00000000a7c00000, 0x00000000a7c00000, 0x00000000a7d00000|  0%| F|  |TAMS 0x00000000a7c00000| PB 0x00000000a7c00000| Untracked 
| 125|0x00000000a7d00000, 0x00000000a7d00000, 0x00000000a7e00000|  0%| F|  |TAMS 0x00000000a7d00000| PB 0x00000000a7d00000| Untracked 
| 126|0x00000000a7e00000, 0x00000000a7e00000, 0x00000000a7f00000|  0%| F|  |TAMS 0x00000000a7e00000| PB 0x00000000a7e00000| Untracked 
| 127|0x00000000a7f00000, 0x00000000a7f00000, 0x00000000a8000000|  0%| F|  |TAMS 0x00000000a7f00000| PB 0x00000000a7f00000| Untracked 
| 128|0x00000000a8000000, 0x00000000a8100000, 0x00000000a8100000|100%| E|  |TAMS 0x00000000a8000000| PB 0x00000000a8000000| Complete 
| 129|0x00000000a8100000, 0x00000000a8200000, 0x00000000a8200000|100%| E|CS|TAMS 0x00000000a8100000| PB 0x00000000a8100000| Complete 
| 130|0x00000000a8200000, 0x00000000a8300000, 0x00000000a8300000|100%| E|CS|TAMS 0x00000000a8200000| PB 0x00000000a8200000| Complete 
| 131|0x00000000a8300000, 0x00000000a8400000, 0x00000000a8400000|100%| E|CS|TAMS 0x00000000a8300000| PB 0x00000000a8300000| Complete 
| 132|0x00000000a8400000, 0x00000000a8500000, 0x00000000a8500000|100%| E|CS|TAMS 0x00000000a8400000| PB 0x00000000a8400000| Complete 
| 133|0x00000000a8500000, 0x00000000a8600000, 0x00000000a8600000|100%| E|CS|TAMS 0x00000000a8500000| PB 0x00000000a8500000| Complete 
| 134|0x00000000a8600000, 0x00000000a8700000, 0x00000000a8700000|100%| E|CS|TAMS 0x00000000a8600000| PB 0x00000000a8600000| Complete 
| 135|0x00000000a8700000, 0x00000000a8800000, 0x00000000a8800000|100%| E|CS|TAMS 0x00000000a8700000| PB 0x00000000a8700000| Complete 
| 136|0x00000000a8800000, 0x00000000a8900000, 0x00000000a8900000|100%| E|CS|TAMS 0x00000000a8800000| PB 0x00000000a8800000| Complete 
| 137|0x00000000a8900000, 0x00000000a8a00000, 0x00000000a8a00000|100%| E|CS|TAMS 0x00000000a8900000| PB 0x00000000a8900000| Complete 
| 138|0x00000000a8a00000, 0x00000000a8b00000, 0x00000000a8b00000|100%| E|CS|TAMS 0x00000000a8a00000| PB 0x00000000a8a00000| Complete 
| 139|0x00000000a8b00000, 0x00000000a8c00000, 0x00000000a8c00000|100%| E|CS|TAMS 0x00000000a8b00000| PB 0x00000000a8b00000| Complete 
| 140|0x00000000a8c00000, 0x00000000a8d00000, 0x00000000a8d00000|100%| E|CS|TAMS 0x00000000a8c00000| PB 0x00000000a8c00000| Complete 
| 141|0x00000000a8d00000, 0x00000000a8e00000, 0x00000000a8e00000|100%| E|CS|TAMS 0x00000000a8d00000| PB 0x00000000a8d00000| Complete 
| 142|0x00000000a8e00000, 0x00000000a8f00000, 0x00000000a8f00000|100%| E|CS|TAMS 0x00000000a8e00000| PB 0x00000000a8e00000| Complete 
| 143|0x00000000a8f00000, 0x00000000a9000000, 0x00000000a9000000|100%| E|CS|TAMS 0x00000000a8f00000| PB 0x00000000a8f00000| Complete 
| 144|0x00000000a9000000, 0x00000000a9100000, 0x00000000a9100000|100%| E|CS|TAMS 0x00000000a9000000| PB 0x00000000a9000000| Complete 
| 145|0x00000000a9100000, 0x00000000a9200000, 0x00000000a9200000|100%| E|CS|TAMS 0x00000000a9100000| PB 0x00000000a9100000| Complete 
| 146|0x00000000a9200000, 0x00000000a9300000, 0x00000000a9300000|100%| E|CS|TAMS 0x00000000a9200000| PB 0x00000000a9200000| Complete 
| 147|0x00000000a9300000, 0x00000000a9400000, 0x00000000a9400000|100%| E|CS|TAMS 0x00000000a9300000| PB 0x00000000a9300000| Complete 
| 148|0x00000000a9400000, 0x00000000a9500000, 0x00000000a9500000|100%| E|CS|TAMS 0x00000000a9400000| PB 0x00000000a9400000| Complete 
| 149|0x00000000a9500000, 0x00000000a9600000, 0x00000000a9600000|100%| E|CS|TAMS 0x00000000a9500000| PB 0x00000000a9500000| Complete 
| 150|0x00000000a9600000, 0x00000000a9700000, 0x00000000a9700000|100%| E|CS|TAMS 0x00000000a9600000| PB 0x00000000a9600000| Complete 
| 151|0x00000000a9700000, 0x00000000a9800000, 0x00000000a9800000|100%| E|CS|TAMS 0x00000000a9700000| PB 0x00000000a9700000| Complete 
| 152|0x00000000a9800000, 0x00000000a9900000, 0x00000000a9900000|100%| E|CS|TAMS 0x00000000a9800000| PB 0x00000000a9800000| Complete 
| 153|0x00000000a9900000, 0x00000000a9a00000, 0x00000000a9a00000|100%| E|CS|TAMS 0x00000000a9900000| PB 0x00000000a9900000| Complete 
| 154|0x00000000a9a00000, 0x00000000a9b00000, 0x00000000a9b00000|100%| E|CS|TAMS 0x00000000a9a00000| PB 0x00000000a9a00000| Complete 
| 155|0x00000000a9b00000, 0x00000000a9c00000, 0x00000000a9c00000|100%| E|CS|TAMS 0x00000000a9b00000| PB 0x00000000a9b00000| Complete 
| 156|0x00000000a9c00000, 0x00000000a9d00000, 0x00000000a9d00000|100%| E|CS|TAMS 0x00000000a9c00000| PB 0x00000000a9c00000| Complete 
| 245|0x00000000af500000, 0x00000000af600000, 0x00000000af600000|100%| E|CS|TAMS 0x00000000af500000| PB 0x00000000af500000| Complete 
|1522|0x00000000ff200000, 0x00000000ff2521a0, 0x00000000ff300000| 32%| O|  |TAMS 0x00000000ff200000| PB 0x00000000ff200000| Untracked 
|1523|0x00000000ff300000, 0x00000000ff400000, 0x00000000ff400000|100%| O|  |TAMS 0x00000000ff300000| PB 0x00000000ff300000| Untracked 
|1524|0x00000000ff400000, 0x00000000ff500000, 0x00000000ff500000|100%| O|Cm|TAMS 0x00000000ff400000| PB 0x00000000ff400000| Complete 
|1525|0x00000000ff500000, 0x00000000ff600000, 0x00000000ff600000|100%| O|  |TAMS 0x00000000ff500000| PB 0x00000000ff500000| Untracked 
|1526|0x00000000ff600000, 0x00000000ff700000, 0x00000000ff700000|100%| O|  |TAMS 0x00000000ff600000| PB 0x00000000ff600000| Untracked 
|1527|0x00000000ff700000, 0x00000000ff800000, 0x00000000ff800000|100%| O|  |TAMS 0x00000000ff700000| PB 0x00000000ff700000| Untracked 
|1528|0x00000000ff800000, 0x00000000ff900000, 0x00000000ff900000|100%| O|  |TAMS 0x00000000ff800000| PB 0x00000000ff800000| Untracked 
|1529|0x00000000ff900000, 0x00000000ffa00000, 0x00000000ffa00000|100%| O|  |TAMS 0x00000000ff900000| PB 0x00000000ff900000| Untracked 
|1530|0x00000000ffa00000, 0x00000000ffb00000, 0x00000000ffb00000|100%| O|  |TAMS 0x00000000ffa00000| PB 0x00000000ffa00000| Untracked 
|1531|0x00000000ffb00000, 0x00000000ffc00000, 0x00000000ffc00000|100%| O|  |TAMS 0x00000000ffb00000| PB 0x00000000ffb00000| Untracked 
|1532|0x00000000ffc00000, 0x00000000ffd00000, 0x00000000ffd00000|100%| O|  |TAMS 0x00000000ffc00000| PB 0x00000000ffc00000| Untracked 
|1533|0x00000000ffd00000, 0x00000000ffe00000, 0x00000000ffe00000|100%| O|  |TAMS 0x00000000ffd00000| PB 0x00000000ffd00000| Untracked 
|1534|0x00000000ffe00000, 0x00000000fff00000, 0x00000000fff00000|100%| O|  |TAMS 0x00000000ffe00000| PB 0x00000000ffe00000| Untracked 
|1535|0x00000000fff00000, 0x0000000100000000, 0x0000000100000000|100%| O|  |TAMS 0x00000000fff00000| PB 0x00000000fff00000| Untracked 

Card table byte_map: [0x00000161fdf00000,0x00000161fe200000] _byte_map_base: 0x00000161fda00000

Marking Bits: (CMBitMap*) 0x00000161f837a4f0
 Bits: [0x00000161fe200000, 0x00000161ffa00000)

Polling page: 0x00000161f83c0000

Metaspace:

Usage:
  Non-class:     69.78 MB used.
      Class:     11.30 MB used.
       Both:     81.08 MB used.

Virtual space:
  Non-class space:      128.00 MB reserved,      70.88 MB ( 55%) committed,  2 nodes.
      Class space:        1.00 GB reserved,      12.38 MB (  1%) committed,  1 nodes.
             Both:        1.12 GB reserved,      83.25 MB (  7%) committed. 

Chunk freelists:
   Non-Class:  8.33 MB
       Class:  3.61 MB
        Both:  11.94 MB

MaxMetaspaceSize: unlimited
CompressedClassSpaceSize: 1.00 GB
Initial GC threshold: 21.00 MB
Current GC threshold: 134.50 MB
CDS: on
 - commit_granule_bytes: 65536.
 - commit_granule_words: 8192.
 - virtual_space_node_default_size: 8388608.
 - enlarge_chunks_in_place: 1.
 - use_allocation_guard: 0.


Internal statistics:

num_allocs_failed_limit: 12.
num_arena_births: 3900.
num_arena_deaths: 0.
num_vsnodes_births: 3.
num_vsnodes_deaths: 0.
num_space_committed: 1331.
num_space_uncommitted: 0.
num_chunks_returned_to_freelist: 12.
num_chunks_taken_from_freelist: 7846.
num_chunk_merges: 12.
num_chunk_splits: 5122.
num_chunks_enlarged: 3169.
num_inconsistent_stats: 0.

CodeHeap 'non-profiled nmethods': size=120000Kb used=6317Kb max_used=6317Kb free=113682Kb
 bounds [0x0000016187ad0000, 0x0000016188100000, 0x000001618f000000]
CodeHeap 'profiled nmethods': size=120000Kb used=18535Kb max_used=18535Kb free=101464Kb
 bounds [0x0000016180000000, 0x0000016181230000, 0x0000016187530000]
CodeHeap 'non-nmethods': size=5760Kb used=2687Kb max_used=2748Kb free=3073Kb
 bounds [0x0000016187530000, 0x00000161877f0000, 0x0000016187ad0000]
CodeCache: size=245760Kb, used=27539Kb, max_used=27600Kb, free=218219Kb
 total_blobs=10876, nmethods=9926, adapters=854, full_count=0
Compilation: enabled, stopped_count=0, restarted_count=0

Compilation events (20 events):
Event: 24.177 Thread 0x00000161daf9bea0 nmethod 11671 0x00000161880f4890 code [0x00000161880f4a60, 0x00000161880f5190]
Event: 24.177 Thread 0x000001619179a3b0 nmethod 11705 0x0000016180eba110 code [0x0000016180eba300, 0x0000016180eba740]
Event: 24.177 Thread 0x00000161daf9bea0 11701       4       java.util.TimSort::sort (229 bytes)
Event: 24.181 Thread 0x000001619179a3b0 11707       3       org.gradle.internal.instantiation.generator.AsmBackedClassGenerator$ClassBuilderImpl::applyManagedStateToProperty (14 bytes)
Event: 24.184 Thread 0x000001619179a3b0 nmethod 11707 0x0000016180eb8610 code [0x0000016180eb8920, 0x0000016180eb9a18]
Event: 24.186 Thread 0x000001619179a3b0 11708       3       org.gradle.internal.properties.annotations.DefaultTypeMetadataStore::getTypeMetadata (20 bytes)
Event: 24.186 Thread 0x000001619179a3b0 nmethod 11708 0x00000161800ace90 code [0x00000161800ad0a0, 0x00000161800ad840]
Event: 24.186 Thread 0x000001619179a3b0 11709       3       org.gradle.internal.properties.annotations.DefaultTypeMetadataStore$$Lambda/0x000001619370a258::<init> (10 bytes)
Event: 24.187 Thread 0x000001619179a3b0 nmethod 11709 0x000001618030d410 code [0x000001618030d5c0, 0x000001618030d778]
Event: 24.209 Thread 0x000001619179a3b0 11711       3       java.lang.Class::getConstructor (31 bytes)
Event: 24.211 Thread 0x000001619179a3b0 nmethod 11711 0x00000161800abf90 code [0x00000161800ac200, 0x00000161800acaa0]
Event: 24.219 Thread 0x000001619179a3b0 11713       3       java.lang.reflect.ProxyGenerator$PrimitiveTypeInfo::get (97 bytes)
Event: 24.219 Thread 0x000001619179a3b0 nmethod 11713 0x00000161800ab710 code [0x00000161800ab920, 0x00000161800abe28]
Event: 24.220 Thread 0x00000161daf9d310 11706       4       org.objectweb.asm.Frame::execute (2303 bytes)
Event: 24.220 Thread 0x00000161daf9bea0 nmethod 11701 0x00000161880f5490 code [0x00000161880f5720, 0x00000161880f6ac8]
Event: 24.220 Thread 0x00000161daf9bea0 11712       4       jdk.internal.org.objectweb.asm.MethodWriter::computeAllFrames (510 bytes)
Event: 24.222 Thread 0x000001619179a3b0 11714       3       com.google.common.collect.LinkedHashMultimap$ValueSet$1::next (43 bytes)
Event: 24.223 Thread 0x000001619179a3b0 nmethod 11714 0x0000016180809410 code [0x0000016180809640, 0x0000016180809f48]
Event: 24.289 Thread 0x000001619179a3b0 11716       3       javax.management.ObjectName::addProperty (80 bytes)
Event: 24.290 Thread 0x000001619179a3b0 nmethod 11716 0x0000016180808790 code [0x00000161808089c0, 0x0000016180809158]

GC Heap History (20 events):
Event: 16.310 GC heap before
{Heap before GC invocations=16 (full 0):
 garbage-first heap   total 126976K, used 100219K [0x00000000a0000000, 0x0000000100000000)
  region size 1024K, 46 young (47104K), 8 survivors (8192K)
 Metaspace       used 59281K, committed 61056K, reserved 1114112K
  class space    used 8268K, committed 9152K, reserved 1048576K
}
Event: 16.316 GC heap after
{Heap after GC invocations=17 (full 0):
 garbage-first heap   total 126976K, used 63988K [0x00000000a0000000, 0x0000000100000000)
  region size 1024K, 2 young (2048K), 2 survivors (2048K)
 Metaspace       used 59281K, committed 61056K, reserved 1114112K
  class space    used 8268K, committed 9152K, reserved 1048576K
}
Event: 17.260 GC heap before
{Heap before GC invocations=18 (full 0):
 garbage-first heap   total 126976K, used 121332K [0x00000000a0000000, 0x0000000100000000)
  region size 1024K, 53 young (54272K), 2 survivors (2048K)
 Metaspace       used 63585K, committed 65408K, reserved 1114112K
  class space    used 8928K, committed 9856K, reserved 1048576K
}
Event: 17.265 GC heap after
{Heap after GC invocations=19 (full 0):
 garbage-first heap   total 129024K, used 70018K [0x00000000a0000000, 0x0000000100000000)
  region size 1024K, 7 young (7168K), 7 survivors (7168K)
 Metaspace       used 63585K, committed 65408K, reserved 1114112K
  class space    used 8928K, committed 9856K, reserved 1048576K
}
Event: 17.999 GC heap before
{Heap before GC invocations=19 (full 0):
 garbage-first heap   total 129024K, used 117122K [0x00000000a0000000, 0x0000000100000000)
  region size 1024K, 53 young (54272K), 7 survivors (7168K)
 Metaspace       used 66678K, committed 68608K, reserved 1114112K
  class space    used 9337K, committed 10304K, reserved 1048576K
}
Event: 18.009 GC heap after
{Heap after GC invocations=20 (full 0):
 garbage-first heap   total 129024K, used 73250K [0x00000000a0000000, 0x0000000100000000)
  region size 1024K, 4 young (4096K), 4 survivors (4096K)
 Metaspace       used 66678K, committed 68608K, reserved 1114112K
  class space    used 9337K, committed 10304K, reserved 1048576K
}
Event: 18.599 GC heap before
{Heap before GC invocations=20 (full 0):
 garbage-first heap   total 129024K, used 118306K [0x00000000a0000000, 0x0000000100000000)
  region size 1024K, 48 young (49152K), 4 survivors (4096K)
 Metaspace       used 67525K, committed 69504K, reserved 1114112K
  class space    used 9448K, committed 10432K, reserved 1048576K
}
Event: 18.605 GC heap after
{Heap after GC invocations=21 (full 0):
 garbage-first heap   total 129024K, used 77621K [0x00000000a0000000, 0x0000000100000000)
  region size 1024K, 5 young (5120K), 5 survivors (5120K)
 Metaspace       used 67525K, committed 69504K, reserved 1114112K
  class space    used 9448K, committed 10432K, reserved 1048576K
}
Event: 19.220 GC heap before
{Heap before GC invocations=22 (full 0):
 garbage-first heap   total 132096K, used 118581K [0x00000000a0000000, 0x0000000100000000)
  region size 1024K, 44 young (45056K), 5 survivors (5120K)
 Metaspace       used 70774K, committed 72832K, reserved 1114112K
  class space    used 9905K, committed 10944K, reserved 1048576K
}
Event: 19.226 GC heap after
{Heap after GC invocations=23 (full 0):
 garbage-first heap   total 132096K, used 79228K [0x00000000a0000000, 0x0000000100000000)
  region size 1024K, 2 young (2048K), 2 survivors (2048K)
 Metaspace       used 70774K, committed 72832K, reserved 1114112K
  class space    used 9905K, committed 10944K, reserved 1048576K
}
Event: 20.013 GC heap before
{Heap before GC invocations=23 (full 0):
 garbage-first heap   total 132096K, used 121212K [0x00000000a0000000, 0x0000000100000000)
  region size 1024K, 43 young (44032K), 2 survivors (2048K)
 Metaspace       used 74420K, committed 76416K, reserved 1114112K
  class space    used 10539K, committed 11520K, reserved 1048576K
}
Event: 20.017 GC heap after
{Heap after GC invocations=24 (full 0):
 garbage-first heap   total 132096K, used 79704K [0x00000000a0000000, 0x0000000100000000)
  region size 1024K, 3 young (3072K), 3 survivors (3072K)
 Metaspace       used 74420K, committed 76416K, reserved 1114112K
  class space    used 10539K, committed 11520K, reserved 1048576K
}
Event: 20.782 GC heap before
{Heap before GC invocations=24 (full 0):
 garbage-first heap   total 132096K, used 122712K [0x00000000a0000000, 0x0000000100000000)
  region size 1024K, 45 young (46080K), 3 survivors (3072K)
 Metaspace       used 77275K, committed 79488K, reserved 1179648K
  class space    used 10936K, committed 12032K, reserved 1048576K
}
Event: 20.788 GC heap after
{Heap after GC invocations=25 (full 0):
 garbage-first heap   total 132096K, used 82468K [0x00000000a0000000, 0x0000000100000000)
  region size 1024K, 6 young (6144K), 6 survivors (6144K)
 Metaspace       used 77275K, committed 79488K, reserved 1179648K
  class space    used 10936K, committed 12032K, reserved 1048576K
}
Event: 21.157 GC heap before
{Heap before GC invocations=26 (full 0):
 garbage-first heap   total 138240K, used 122404K [0x00000000a0000000, 0x0000000100000000)
  region size 1024K, 46 young (47104K), 6 survivors (6144K)
 Metaspace       used 77303K, committed 79488K, reserved 1179648K
  class space    used 10936K, committed 12032K, reserved 1048576K
}
Event: 21.163 GC heap after
{Heap after GC invocations=27 (full 0):
 garbage-first heap   total 138240K, used 83521K [0x00000000a0000000, 0x0000000100000000)
  region size 1024K, 4 young (4096K), 4 survivors (4096K)
 Metaspace       used 77303K, committed 79488K, reserved 1179648K
  class space    used 10936K, committed 12032K, reserved 1048576K
}
Event: 21.940 GC heap before
{Heap before GC invocations=27 (full 0):
 garbage-first heap   total 138240K, used 130625K [0x00000000a0000000, 0x0000000100000000)
  region size 1024K, 49 young (50176K), 4 survivors (4096K)
 Metaspace       used 78902K, committed 81088K, reserved 1179648K
  class space    used 11222K, committed 12288K, reserved 1048576K
}
Event: 21.953 GC heap after
{Heap after GC invocations=28 (full 0):
 garbage-first heap   total 142336K, used 88143K [0x00000000a0000000, 0x0000000100000000)
  region size 1024K, 7 young (7168K), 7 survivors (7168K)
 Metaspace       used 78902K, committed 81088K, reserved 1179648K
  class space    used 11222K, committed 12288K, reserved 1048576K
}
Event: 23.124 GC heap before
{Heap before GC invocations=28 (full 0):
 garbage-first heap   total 142336K, used 130127K [0x00000000a0000000, 0x0000000100000000)
  region size 1024K, 49 young (50176K), 7 survivors (7168K)
 Metaspace       used 80330K, committed 82560K, reserved 1179648K
  class space    used 11308K, committed 12416K, reserved 1048576K
}
Event: 23.135 GC heap after
{Heap after GC invocations=29 (full 0):
 garbage-first heap   total 176128K, used 95560K [0x00000000a0000000, 0x0000000100000000)
  region size 1024K, 7 young (7168K), 7 survivors (7168K)
 Metaspace       used 80330K, committed 82560K, reserved 1179648K
  class space    used 11308K, committed 12416K, reserved 1048576K
}

Dll operation events (14 events):
Event: 0.282 Loaded shared library C:\Users\Vilas\.vscode\extensions\redhat.java-1.53.0-win32-x64\jre\21.0.10-win32-x86_64\bin\java.dll
Event: 0.483 Loaded shared library C:\Users\Vilas\.vscode\extensions\redhat.java-1.53.0-win32-x64\jre\21.0.10-win32-x86_64\bin\zip.dll
Event: 0.525 Loaded shared library C:\Users\Vilas\.vscode\extensions\redhat.java-1.53.0-win32-x64\jre\21.0.10-win32-x86_64\bin\instrument.dll
Event: 0.610 Loaded shared library C:\Users\Vilas\.vscode\extensions\redhat.java-1.53.0-win32-x64\jre\21.0.10-win32-x86_64\bin\net.dll
Event: 0.693 Loaded shared library C:\Users\Vilas\.vscode\extensions\redhat.java-1.53.0-win32-x64\jre\21.0.10-win32-x86_64\bin\nio.dll
Event: 0.700 Loaded shared library C:\Users\Vilas\.vscode\extensions\redhat.java-1.53.0-win32-x64\jre\21.0.10-win32-x86_64\bin\zip.dll
Event: 1.260 Loaded shared library C:\Users\Vilas\.vscode\extensions\redhat.java-1.53.0-win32-x64\jre\21.0.10-win32-x86_64\bin\jimage.dll
Event: 1.689 Loaded shared library C:\Users\Vilas\.vscode\extensions\redhat.java-1.53.0-win32-x64\jre\21.0.10-win32-x86_64\bin\verify.dll
Event: 1.884 Loaded shared library C:\Users\Vilas\.gradle\native\1def1411415f61bf3af743bc5b6707747c0891f09f0c88961ee8f79bc544acac\windows-amd64\native-platform.dll
Event: 1.905 Loaded shared library C:\Users\Vilas\.gradle\native\0.2.7\x86_64-windows-gnu\gradle-fileevents.dll
Event: 4.140 Loaded shared library C:\Users\Vilas\.vscode\extensions\redhat.java-1.53.0-win32-x64\jre\21.0.10-win32-x86_64\bin\management.dll
Event: 4.203 Loaded shared library C:\Users\Vilas\.vscode\extensions\redhat.java-1.53.0-win32-x64\jre\21.0.10-win32-x86_64\bin\management_ext.dll
Event: 4.555 Loaded shared library C:\Users\Vilas\.vscode\extensions\redhat.java-1.53.0-win32-x64\jre\21.0.10-win32-x86_64\bin\extnet.dll
Event: 5.040 Loaded shared library C:\Users\Vilas\.vscode\extensions\redhat.java-1.53.0-win32-x64\jre\21.0.10-win32-x86_64\bin\sunmscapi.dll

Deoptimization events (20 events):
Event: 24.017 Thread 0x00000161d86a3060 DEOPT PACKING pc=0x0000016187e36bb8 sp=0x0000003eaa9fa470
Event: 24.017 Thread 0x00000161d86a3060 DEOPT UNPACKING pc=0x0000016187584422 sp=0x0000003eaa9fa3c0 mode 2
Event: 24.070 Thread 0x00000161d86a3060 DEOPT PACKING pc=0x000001618013f4f7 sp=0x0000003eaa9faf00
Event: 24.070 Thread 0x00000161d86a3060 DEOPT UNPACKING pc=0x0000016187584bc2 sp=0x0000003eaa9fa400 mode 0
Event: 24.119 Thread 0x00000161d86a3060 Uncommon trap: trap_request=0xffffffd6 fr.pc=0x00000161880f0274 relative=0x0000000000000eb4
Event: 24.119 Thread 0x00000161d86a3060 Uncommon trap: reason=array_check action=maybe_recompile pc=0x00000161880f0274 method=com.google.common.collect.RegularImmutableMap.fromEntryArrayCheckingBucketOverflow(I[Ljava/util/Map$Entry;Z)Lcom/google/common/collect/ImmutableMap; @ 220 c2
Event: 24.119 Thread 0x00000161d86a3060 DEOPT PACKING pc=0x00000161880f0274 sp=0x0000003eaa9fa300
Event: 24.119 Thread 0x00000161d86a3060 DEOPT UNPACKING pc=0x0000016187584422 sp=0x0000003eaa9fa1b8 mode 2
Event: 24.119 Thread 0x00000161d86a3060 Uncommon trap: trap_request=0xffffffd6 fr.pc=0x00000161880f0274 relative=0x0000000000000eb4
Event: 24.119 Thread 0x00000161d86a3060 Uncommon trap: reason=array_check action=maybe_recompile pc=0x00000161880f0274 method=com.google.common.collect.RegularImmutableMap.fromEntryArrayCheckingBucketOverflow(I[Ljava/util/Map$Entry;Z)Lcom/google/common/collect/ImmutableMap; @ 220 c2
Event: 24.119 Thread 0x00000161d86a3060 DEOPT PACKING pc=0x00000161880f0274 sp=0x0000003eaa9fa300
Event: 24.119 Thread 0x00000161d86a3060 DEOPT UNPACKING pc=0x0000016187584422 sp=0x0000003eaa9fa1b8 mode 2
Event: 24.120 Thread 0x00000161d86a3060 Uncommon trap: trap_request=0xffffffd6 fr.pc=0x00000161880f0274 relative=0x0000000000000eb4
Event: 24.120 Thread 0x00000161d86a3060 Uncommon trap: reason=array_check action=maybe_recompile pc=0x00000161880f0274 method=com.google.common.collect.RegularImmutableMap.fromEntryArrayCheckingBucketOverflow(I[Ljava/util/Map$Entry;Z)Lcom/google/common/collect/ImmutableMap; @ 220 c2
Event: 24.120 Thread 0x00000161d86a3060 DEOPT PACKING pc=0x00000161880f0274 sp=0x0000003eaa9fa300
Event: 24.120 Thread 0x00000161d86a3060 DEOPT UNPACKING pc=0x0000016187584422 sp=0x0000003eaa9fa1b8 mode 2
Event: 24.120 Thread 0x00000161d86a3060 Uncommon trap: trap_request=0xffffffd6 fr.pc=0x00000161880f0274 relative=0x0000000000000eb4
Event: 24.120 Thread 0x00000161d86a3060 Uncommon trap: reason=array_check action=maybe_recompile pc=0x00000161880f0274 method=com.google.common.collect.RegularImmutableMap.fromEntryArrayCheckingBucketOverflow(I[Ljava/util/Map$Entry;Z)Lcom/google/common/collect/ImmutableMap; @ 220 c2
Event: 24.120 Thread 0x00000161d86a3060 DEOPT PACKING pc=0x00000161880f0274 sp=0x0000003eaa9fa300
Event: 24.120 Thread 0x00000161d86a3060 DEOPT UNPACKING pc=0x0000016187584422 sp=0x0000003eaa9fa1b8 mode 2

Classes loaded (20 events):
Event: 23.436 Loading class jdk/internal/access/JavaObjectInputFilterAccess
Event: 23.436 Loading class jdk/internal/access/JavaObjectInputFilterAccess done
Event: 23.437 Loading class jdk/internal/event/DeserializationEvent
Event: 23.438 Loading class jdk/internal/event/DeserializationEvent done
Event: 23.438 Loading class java/io/ObjectInputStream$FieldValues
Event: 23.438 Loading class java/io/ObjectInputStream$GetField
Event: 23.438 Loading class java/io/ObjectInputStream$GetField done
Event: 23.438 Loading class java/io/ObjectInputStream$FieldValues done
Event: 23.440 Loading class java/util/HashMap$UnsafeHolder
Event: 23.440 Loading class java/util/HashMap$UnsafeHolder done
Event: 23.543 Loading class sun/nio/ch/ChannelOutputStream
Event: 23.545 Loading class sun/nio/ch/ChannelOutputStream done
Event: 23.550 Loading class java/util/concurrent/ConcurrentLinkedQueue$Itr
Event: 23.550 Loading class java/util/concurrent/ConcurrentLinkedQueue$Itr done
Event: 23.562 Loading class java/util/TreeMap$ValueSpliterator
Event: 23.562 Loading class java/util/TreeMap$TreeMapSpliterator
Event: 23.562 Loading class java/util/TreeMap$TreeMapSpliterator done
Event: 23.563 Loading class java/util/TreeMap$ValueSpliterator done
Event: 23.596 Loading class java/util/TreeMap$KeySpliterator
Event: 23.596 Loading class java/util/TreeMap$KeySpliterator done

Classes unloaded (0 events):
No events

Classes redefined (0 events):
No events

Internal exceptions (20 events):
Event: 22.486 Thread 0x00000161d86a3060 Exception <a 'java/lang/ClassNotFoundException'{0x00000000a62f9650}: java/util/ArrayListBeanInfo> (0x00000000a62f9650) 
thrown [s\src\hotspot\share\classfile\systemDictionary.cpp, line 312]
Event: 22.487 Thread 0x00000161d86a3060 Exception <a 'java/lang/ClassNotFoundException'{0x00000000a6101d48}: java/util/AbstractListBeanInfo> (0x00000000a6101d48) 
thrown [s\src\hotspot\share\classfile\systemDictionary.cpp, line 312]
Event: 22.488 Thread 0x00000161d86a3060 Exception <a 'java/lang/ClassNotFoundException'{0x00000000a610a270}: java/util/AbstractListCustomizer> (0x00000000a610a270) 
thrown [s\src\hotspot\share\classfile\systemDictionary.cpp, line 312]
Event: 22.493 Thread 0x00000161d86a3060 Exception <a 'java/lang/ClassNotFoundException'{0x00000000a6150258}: java/util/ArrayListCustomizer> (0x00000000a6150258) 
thrown [s\src\hotspot\share\classfile\systemDictionary.cpp, line 312]
Event: 22.497 Thread 0x00000161d86a3060 Implicit null exception at 0x0000016187c33740 to 0x0000016187c362b0
Event: 22.506 Thread 0x00000161d86a3060 Exception <a 'java/lang/NoClassDefFoundError'{0x00000000a61bc830}: org/jetbrains/kotlin/gradle/plugin/KotlinBaseApiPlugin> (0x00000000a61bc830) 
thrown [s\src\hotspot\share\oops\constantPool.cpp, line 873]
Event: 22.510 Thread 0x00000161d86a3060 Exception <a 'java/lang/NoClassDefFoundError'{0x00000000a61d1a08}: org/jetbrains/kotlin/gradle/plugin/KotlinBasePluginWrapper> (0x00000000a61d1a08) 
thrown [s\src\hotspot\share\oops\constantPool.cpp, line 873]
Event: 22.515 Thread 0x00000161d86a3060 Exception <a 'java/lang/NoClassDefFoundError'{0x00000000a61eb5b0}: org/jetbrains/kotlin/gradle/plugin/KotlinBasePluginWrapper> (0x00000000a61eb5b0) 
thrown [s\src\hotspot\share\oops\constantPool.cpp, line 873]
Event: 22.522 Thread 0x00000161d86a3060 Exception <a 'java/lang/NoClassDefFoundError'{0x00000000a6002248}: org/jetbrains/kotlin/gradle/plugin/KotlinBasePluginWrapper> (0x00000000a6002248) 
thrown [s\src\hotspot\share\oops\constantPool.cpp, line 873]
Event: 22.525 Thread 0x00000161d86a3060 Exception <a 'java/lang/NoClassDefFoundError'{0x00000000a6019d48}: org/jetbrains/kotlin/gradle/plugin/KotlinBasePluginWrapper> (0x00000000a6019d48) 
thrown [s\src\hotspot\share\oops\constantPool.cpp, line 873]
Event: 22.531 Thread 0x00000161d86a3060 Exception <a 'java/lang/NoClassDefFoundError'{0x00000000a6032f58}: org/jetbrains/kotlin/gradle/plugin/KotlinBasePluginWrapper> (0x00000000a6032f58) 
thrown [s\src\hotspot\share\oops\constantPool.cpp, line 873]
Event: 22.610 Thread 0x00000161d86a3060 Exception <a 'java/lang/NoClassDefFoundError'{0x00000000a5e4b6b0}: org/jetbrains/kotlin/gradle/plugin/KotlinBasePluginWrapper> (0x00000000a5e4b6b0) 
thrown [s\src\hotspot\share\oops\constantPool.cpp, line 873]
Event: 23.399 Thread 0x00000161d86a3060 Exception <a 'java/lang/NoSuchMethodError'{0x00000000a97d30e0}: static Lcom/android/build/gradle/internal/profile/ProjectData;.<clinit>()V> (0x00000000a97d30e0) 
thrown [s\src\hotspot\share\prims\jni.cpp, line 1111]
Event: 23.405 Thread 0x00000161d86a3060 Exception <a 'java/lang/NoSuchMethodError'{0x00000000a97db700}: 'long java.lang.invoke.DirectMethodHandle$Holder.invokeSpecial(java.lang.Object, java.lang.Object)'> (0x00000000a97db700) 
thrown [s\src\hotspot\share\interpreter\linkResolver.cpp, line 773]
Event: 23.405 Thread 0x00000161d86a3060 Exception <a 'java/lang/NoSuchMethodError'{0x00000000a97df8e8}: 'long java.lang.invoke.Invokers$Holder.invokeExact_MT(java.lang.Object, java.lang.Object)'> (0x00000000a97df8e8) 
thrown [s\src\hotspot\share\interpreter\linkResolver.cpp, line 773]
Event: 23.541 Thread 0x00000161d86a3060 Exception <a 'sun/nio/fs/WindowsException'{0x00000000a94f0740}> (0x00000000a94f0740) 
thrown [s\src\hotspot\share\prims\jni.cpp, line 520]
Event: 23.565 Thread 0x00000161d86a3060 Exception <a 'java/lang/NoSuchMethodError'{0x00000000a9349a18}: 'java.lang.Object java.lang.invoke.DirectMethodHandle$Holder.invokeStatic(java.lang.Object, int, java.lang.Object)'> (0x00000000a9349a18) 
thrown [s\src\hotspot\share\interpreter\linkResolver.cpp, line 773]
Event: 23.602 Thread 0x00000161d86a3060 Implicit null exception at 0x0000016188019d18 to 0x00000161880215dc
Event: 23.992 Thread 0x00000161d86a3060 Implicit null exception at 0x0000016187d1dd79 to 0x0000016187d1dda4
Event: 24.009 Thread 0x00000161d86a3060 Implicit null exception at 0x00000161880eb35e to 0x00000161880eb3e1

ZGC Phase Switch (0 events):
No events

VM Operations (20 events):
Event: 20.896 Executing safepoint VM operation: G1PauseCleanup
Event: 20.896 Executing safepoint VM operation: G1PauseCleanup done
Event: 21.156 Executing safepoint VM operation: G1CollectForAllocation (G1 Evacuation Pause)
Event: 21.163 Executing safepoint VM operation: G1CollectForAllocation (G1 Evacuation Pause) done
Event: 21.895 Executing safepoint VM operation: ICBufferFull
Event: 21.896 Executing safepoint VM operation: ICBufferFull done
Event: 21.940 Executing safepoint VM operation: G1CollectForAllocation (G1 Evacuation Pause)
Event: 21.953 Executing safepoint VM operation: G1CollectForAllocation (G1 Evacuation Pause) done
Event: 22.271 Executing safepoint VM operation: ICBufferFull
Event: 22.271 Executing safepoint VM operation: ICBufferFull done
Event: 22.609 Executing safepoint VM operation: ICBufferFull
Event: 22.610 Executing safepoint VM operation: ICBufferFull done
Event: 23.124 Executing safepoint VM operation: G1CollectForAllocation (G1 Evacuation Pause)
Event: 23.136 Executing safepoint VM operation: G1CollectForAllocation (G1 Evacuation Pause) done
Event: 23.219 Executing safepoint VM operation: G1PauseRemark
Event: 23.230 Executing safepoint VM operation: G1PauseRemark done
Event: 23.266 Executing safepoint VM operation: G1PauseCleanup
Event: 23.266 Executing safepoint VM operation: G1PauseCleanup done
Event: 24.246 Executing non-safepoint VM operation: HandshakeAllThreads (Deoptimize)
Event: 24.246 Executing non-safepoint VM operation: HandshakeAllThreads (Deoptimize) done

Memory protections (0 events):
No events

Nmethod flushes (20 events):
Event: 23.228 Thread 0x000001619175c250 flushing  nmethod 0x0000016180a4fe90
Event: 23.228 Thread 0x000001619175c250 flushing  nmethod 0x0000016180b22790
Event: 23.228 Thread 0x000001619175c250 flushing  nmethod 0x0000016180d71510
Event: 23.228 Thread 0x000001619175c250 flushing  nmethod 0x0000016180008c10
Event: 23.228 Thread 0x000001619175c250 flushing  nmethod 0x00000161800b8c90
Event: 23.228 Thread 0x000001619175c250 flushing  nmethod 0x00000161802f9b90
Event: 23.228 Thread 0x000001619175c250 flushing  nmethod 0x000001618030d410
Event: 23.228 Thread 0x000001619175c250 flushing  nmethod 0x000001618030d890
Event: 23.228 Thread 0x000001619175c250 flushing  nmethod 0x000001618030dd10
Event: 23.228 Thread 0x000001619175c250 flushing  nmethod 0x000001618030e410
Event: 23.228 Thread 0x000001619175c250 flushing  nmethod 0x00000161803d7c90
Event: 23.228 Thread 0x000001619175c250 flushing  nmethod 0x00000161804e1910
Event: 23.228 Thread 0x000001619175c250 flushing  nmethod 0x00000161806c5690
Event: 23.228 Thread 0x000001619175c250 flushing  nmethod 0x00000161806ccd90
Event: 23.228 Thread 0x000001619175c250 flushing  nmethod 0x00000161806cf590
Event: 23.228 Thread 0x000001619175c250 flushing  nmethod 0x00000161808f5590
Event: 23.228 Thread 0x000001619175c250 flushing  nmethod 0x00000161809eec10
Event: 23.228 Thread 0x000001619175c250 flushing  nmethod 0x0000016180a30d10
Event: 23.228 Thread 0x000001619175c250 flushing  nmethod 0x0000016180a3a190
Event: 23.228 Thread 0x000001619175c250 flushing  nmethod 0x0000016180dc8190

Events (20 events):
Event: 21.999 Thread 0x00000161d86a3060 Thread added: 0x00000161deacfe30
Event: 21.999 Thread 0x00000161d86a3060 Thread added: 0x00000161deacd6d0
Event: 22.000 Thread 0x00000161d86a3060 Thread added: 0x00000161dead1870
Event: 22.001 Thread 0x00000161d86a3060 Thread added: 0x00000161dead11e0
Event: 22.337 Thread 0x00000161d86a3060 Thread added: 0x00000161dead1f00
Event: 22.337 Thread 0x00000161d86a3060 Thread added: 0x00000161ddc57b00
Event: 22.338 Thread 0x00000161d86a3060 Thread added: 0x00000161ddc58190
Event: 22.339 Thread 0x00000161d86a3060 Thread added: 0x00000161ddc54d10
Event: 22.340 Thread 0x00000161d86a3060 Thread added: 0x00000161ddc58820
Event: 22.341 Thread 0x00000161d86a3060 Thread added: 0x00000161ddc553a0
Event: 22.341 Thread 0x00000161d86a3060 Thread added: 0x00000161ddc56de0
Event: 22.342 Thread 0x00000161d86a3060 Thread added: 0x00000161ddc56750
Event: 22.343 Thread 0x00000161d86a3060 Thread added: 0x00000161ddc57470
Event: 22.344 Thread 0x00000161d86a3060 Thread added: 0x00000161ddc58eb0
Event: 22.345 Thread 0x00000161d86a3060 Thread added: 0x00000161ddc55a30
Event: 23.548 Thread 0x00000161d86a3060 Thread added: 0x00000161df46bd60
Event: 23.556 Thread 0x000001619179bef0 Thread exited: 0x000001619179bef0
Event: 23.561 Thread 0x000001619179b150 Thread exited: 0x000001619179b150
Event: 23.685 Thread 0x000001619179a3b0 Thread added: 0x00000161daf9bea0
Event: 24.220 Thread 0x000001619179a3b0 Thread added: 0x00000161daf9d310


Dynamic libraries:
0x00007ff614f80000 - 0x00007ff614f8e000 	C:\Users\Vilas\.vscode\extensions\redhat.java-1.53.0-win32-x64\jre\21.0.10-win32-x86_64\bin\java.exe
0x00007ff847c60000 - 0x00007ff847ec7000 	C:\WINDOWS\SYSTEM32\ntdll.dll
0x00007ff8460a0000 - 0x00007ff846169000 	C:\WINDOWS\System32\KERNEL32.DLL
0x00007ff845480000 - 0x00007ff845871000 	C:\WINDOWS\System32\KERNELBASE.dll
0x00007ff8447f0000 - 0x00007ff84493b000 	C:\WINDOWS\System32\ucrtbase.dll
0x00007fffbfc10000 - 0x00007fffbfc2e000 	C:\Users\Vilas\.vscode\extensions\redhat.java-1.53.0-win32-x64\jre\21.0.10-win32-x86_64\bin\VCRUNTIME140.dll
0x00007fffdafc0000 - 0x00007fffdafd8000 	C:\Users\Vilas\.vscode\extensions\redhat.java-1.53.0-win32-x64\jre\21.0.10-win32-x86_64\bin\jli.dll
0x00007ff846af0000 - 0x00007ff846cb5000 	C:\WINDOWS\System32\USER32.dll
0x00007ff8459d0000 - 0x00007ff8459f7000 	C:\WINDOWS\System32\win32u.dll
0x00007ff846170000 - 0x00007ff84619b000 	C:\WINDOWS\System32\GDI32.dll
0x00007ff8446c0000 - 0x00007ff8447eb000 	C:\WINDOWS\System32\gdi32full.dll
0x00007ff8453d0000 - 0x00007ff845473000 	C:\WINDOWS\System32\msvcp_win.dll
0x00007ff82c600000 - 0x00007ff82c893000 	C:\WINDOWS\WinSxS\amd64_microsoft.windows.common-controls_6595b64144ccf1df_6.0.26100.8037_none_3e092faae333b53b\COMCTL32.dll
0x00007ff847610000 - 0x00007ff8476b9000 	C:\WINDOWS\System32\msvcrt.dll
0x00007ff847be0000 - 0x00007ff847c11000 	C:\WINDOWS\System32\IMM32.DLL
0x00007ff80cb60000 - 0x00007ff80cb6c000 	C:\Users\Vilas\.vscode\extensions\redhat.java-1.53.0-win32-x64\jre\21.0.10-win32-x86_64\bin\vcruntime140_1.dll
0x00007fffbfb80000 - 0x00007fffbfc0d000 	C:\Users\Vilas\.vscode\extensions\redhat.java-1.53.0-win32-x64\jre\21.0.10-win32-x86_64\bin\msvcp140.dll
0x00007fff7f1b0000 - 0x00007fff7ff51000 	C:\Users\Vilas\.vscode\extensions\redhat.java-1.53.0-win32-x64\jre\21.0.10-win32-x86_64\bin\server\jvm.dll
0x00007ff8469b0000 - 0x00007ff846a6b000 	C:\WINDOWS\System32\ADVAPI32.dll
0x00007ff846340000 - 0x00007ff8463e7000 	C:\WINDOWS\System32\sechost.dll
0x00007ff8461a0000 - 0x00007ff8462b8000 	C:\WINDOWS\System32\RPCRT4.dll
0x00007ff8476c0000 - 0x00007ff847734000 	C:\WINDOWS\System32\WS2_32.dll
0x00007ff83d2c0000 - 0x00007ff83d2cb000 	C:\WINDOWS\SYSTEM32\VERSION.dll
0x00007ff83d280000 - 0x00007ff83d2b5000 	C:\WINDOWS\SYSTEM32\WINMM.dll
0x00007ff8441f0000 - 0x00007ff84424e000 	C:\WINDOWS\SYSTEM32\POWRPROF.dll
0x00007ff8441d0000 - 0x00007ff8441e4000 	C:\WINDOWS\SYSTEM32\UMPDC.dll
0x00007ff8432d0000 - 0x00007ff8432eb000 	C:\WINDOWS\SYSTEM32\kernel.appcore.dll
0x00007ff83ac00000 - 0x00007ff83ac0a000 	C:\Users\Vilas\.vscode\extensions\redhat.java-1.53.0-win32-x64\jre\21.0.10-win32-x86_64\bin\jimage.dll
0x00007ff842480000 - 0x00007ff8426c2000 	C:\WINDOWS\SYSTEM32\DBGHELP.DLL
0x00007ff845ba0000 - 0x00007ff845f22000 	C:\WINDOWS\System32\combase.dll
0x00007ff847530000 - 0x00007ff847607000 	C:\WINDOWS\System32\OLEAUT32.dll
0x00007ff82a090000 - 0x00007ff82a0cb000 	C:\WINDOWS\SYSTEM32\dbgcore.DLL
0x00007ff844940000 - 0x00007ff8449e5000 	C:\WINDOWS\System32\bcryptPrimitives.dll
0x00007ff83f980000 - 0x00007ff83f98f000 	C:\Users\Vilas\.vscode\extensions\redhat.java-1.53.0-win32-x64\jre\21.0.10-win32-x86_64\bin\instrument.dll
0x00007ff83abe0000 - 0x00007ff83ac00000 	C:\Users\Vilas\.vscode\extensions\redhat.java-1.53.0-win32-x64\jre\21.0.10-win32-x86_64\bin\java.dll
0x00007ff846cc0000 - 0x00007ff84741f000 	C:\WINDOWS\System32\SHELL32.dll
0x00007ff845260000 - 0x00007ff8453ca000 	C:\WINDOWS\System32\wintypes.dll
0x00007ff8449f0000 - 0x00007ff845254000 	C:\WINDOWS\System32\windows.storage.dll
0x00007ff8464b0000 - 0x00007ff8465a7000 	C:\WINDOWS\System32\SHCORE.dll
0x00007ff845ae0000 - 0x00007ff845b47000 	C:\WINDOWS\System32\shlwapi.dll
0x00007ff844460000 - 0x00007ff844489000 	C:\WINDOWS\SYSTEM32\profapi.dll
0x00007ff83abc0000 - 0x00007ff83abd8000 	C:\Users\Vilas\.vscode\extensions\redhat.java-1.53.0-win32-x64\jre\21.0.10-win32-x86_64\bin\zip.dll
0x00007fffdb200000 - 0x00007fffdb210000 	C:\Users\Vilas\.vscode\extensions\redhat.java-1.53.0-win32-x64\jre\21.0.10-win32-x86_64\bin\net.dll
0x00007ff83d750000 - 0x00007ff83d877000 	C:\WINDOWS\SYSTEM32\WINHTTP.dll
0x00007ff843840000 - 0x00007ff8438ab000 	C:\WINDOWS\system32\mswsock.dll
0x00007fffdb1e0000 - 0x00007fffdb1f6000 	C:\Users\Vilas\.vscode\extensions\redhat.java-1.53.0-win32-x64\jre\21.0.10-win32-x86_64\bin\nio.dll
0x00007ff825f90000 - 0x00007ff825fa0000 	C:\Users\Vilas\.vscode\extensions\redhat.java-1.53.0-win32-x64\jre\21.0.10-win32-x86_64\bin\verify.dll
0x00007ff825c40000 - 0x00007ff825c67000 	C:\Users\Vilas\.gradle\native\1def1411415f61bf3af743bc5b6707747c0891f09f0c88961ee8f79bc544acac\windows-amd64\native-platform.dll
0x00007ff809e50000 - 0x00007ff809ec8000 	C:\Users\Vilas\.gradle\native\0.2.7\x86_64-windows-gnu\gradle-fileevents.dll
0x00007fffdb1d0000 - 0x00007fffdb1da000 	C:\Users\Vilas\.vscode\extensions\redhat.java-1.53.0-win32-x64\jre\21.0.10-win32-x86_64\bin\management.dll
0x00007fffdb1c0000 - 0x00007fffdb1cc000 	C:\Users\Vilas\.vscode\extensions\redhat.java-1.53.0-win32-x64\jre\21.0.10-win32-x86_64\bin\management_ext.dll
0x00007ff847bd0000 - 0x00007ff847bd8000 	C:\WINDOWS\System32\PSAPI.DLL
0x00007ff842cf0000 - 0x00007ff842d23000 	C:\WINDOWS\SYSTEM32\IPHLPAPI.DLL
0x00007ff845f30000 - 0x00007ff845f3a000 	C:\WINDOWS\System32\NSI.dll
0x00007fffdb1a0000 - 0x00007fffdb1a9000 	C:\Users\Vilas\.vscode\extensions\redhat.java-1.53.0-win32-x64\jre\21.0.10-win32-x86_64\bin\extnet.dll
0x00007ff843b20000 - 0x00007ff843b3b000 	C:\WINDOWS\SYSTEM32\CRYPTSP.dll
0x00007ff843230000 - 0x00007ff843269000 	C:\WINDOWS\system32\rsaenh.dll
0x00007ff8438f0000 - 0x00007ff843922000 	C:\WINDOWS\SYSTEM32\USERENV.dll
0x00007ff844430000 - 0x00007ff84445a000 	C:\WINDOWS\SYSTEM32\bcrypt.dll
0x00007ff843b40000 - 0x00007ff843b4c000 	C:\WINDOWS\SYSTEM32\CRYPTBASE.dll
0x00007fffdb1b0000 - 0x00007fffdb1be000 	C:\Users\Vilas\.vscode\extensions\redhat.java-1.53.0-win32-x64\jre\21.0.10-win32-x86_64\bin\sunmscapi.dll
0x00007ff844540000 - 0x00007ff8446b7000 	C:\WINDOWS\System32\CRYPT32.dll
0x00007ff843db0000 - 0x00007ff843de0000 	C:\WINDOWS\SYSTEM32\ncrypt.dll
0x00007ff843d60000 - 0x00007ff843d9f000 	C:\WINDOWS\SYSTEM32\NTASN1.dll
0x00007fffdf9e0000 - 0x00007fffdf9e8000 	C:\WINDOWS\system32\wshunix.dll

JVMTI agents:
C:\Users\Vilas\.gradle\wrapper\dists\gradle-8.14.3-all\10utluxaxniiv4wxiphsi49nj\gradle-8.14.3\lib\agents\gradle-instrumentation-agent-8.14.3.jar path:C:\Users\Vilas\.vscode\extensions\redhat.java-1.53.0-win32-x64\jre\21.0.10-win32-x86_64\bin\instrument.dll, loaded, initialized, instrumentlib options:none

dbghelp: loaded successfully - version: 4.0.5 - missing functions: none
symbol engine: initialized successfully - sym options: 0x614 - pdb path: .;C:\Users\Vilas\.vscode\extensions\redhat.java-1.53.0-win32-x64\jre\21.0.10-win32-x86_64\bin;C:\WINDOWS\SYSTEM32;C:\WINDOWS\WinSxS\amd64_microsoft.windows.common-controls_6595b64144ccf1df_6.0.26100.8037_none_3e092faae333b53b;C:\Users\Vilas\.vscode\extensions\redhat.java-1.53.0-win32-x64\jre\21.0.10-win32-x86_64\bin\server;C:\Users\Vilas\.gradle\native\1def1411415f61bf3af743bc5b6707747c0891f09f0c88961ee8f79bc544acac\windows-amd64;C:\Users\Vilas\.gradle\native\0.2.7\x86_64-windows-gnu

VM Arguments:
jvm_args: --add-opens=java.base/java.lang=ALL-UNNAMED --add-opens=java.base/java.lang.invoke=ALL-UNNAMED --add-opens=java.base/java.util=ALL-UNNAMED --add-opens=java.prefs/java.util.prefs=ALL-UNNAMED --add-exports=jdk.compiler/com.sun.tools.javac.api=ALL-UNNAMED --add-exports=jdk.compiler/com.sun.tools.javac.util=ALL-UNNAMED --add-opens=java.base/java.util=ALL-UNNAMED --add-opens=java.prefs/java.util.prefs=ALL-UNNAMED --add-opens=java.base/java.nio.charset=ALL-UNNAMED --add-opens=java.base/java.net=ALL-UNNAMED --add-opens=java.base/java.util.concurrent.atomic=ALL-UNNAMED --add-opens=java.xml/javax.xml.namespace=ALL-UNNAMED -Xmx1536m -Dfile.encoding=UTF-8 -Duser.country=US -Duser.language=en -Duser.variant -javaagent:C:\Users\Vilas\.gradle\wrapper\dists\gradle-8.14.3-all\10utluxaxniiv4wxiphsi49nj\gradle-8.14.3\lib\agents\gradle-instrumentation-agent-8.14.3.jar 
java_command: org.gradle.launcher.daemon.bootstrap.GradleDaemon 8.14.3
java_class_path (initial): C:\Users\Vilas\.gradle\wrapper\dists\gradle-8.14.3-all\10utluxaxniiv4wxiphsi49nj\gradle-8.14.3\lib\gradle-daemon-main-8.14.3.jar
Launcher Type: SUN_STANDARD

[Global flags]
     intx CICompilerCount                          = 4                                         {product} {ergonomic}
     uint ConcGCThreads                            = 3                                         {product} {ergonomic}
     uint G1ConcRefinementThreads                  = 10                                        {product} {ergonomic}
   size_t G1HeapRegionSize                         = 1048576                                   {product} {ergonomic}
    uintx GCDrainStackTargetSize                   = 64                                        {product} {ergonomic}
   size_t InitialHeapSize                          = 257949696                                 {product} {ergonomic}
   size_t MarkStackSize                            = 4194304                                   {product} {ergonomic}
   size_t MaxHeapSize                              = 1610612736                                {product} {command line}
   size_t MaxNewSize                               = 965738496                                 {product} {ergonomic}
   size_t MinHeapDeltaBytes                        = 1048576                                   {product} {ergonomic}
   size_t MinHeapSize                              = 8388608                                   {product} {ergonomic}
    uintx NonNMethodCodeHeapSize                   = 5839372                                {pd product} {ergonomic}
    uintx NonProfiledCodeHeapSize                  = 122909434                              {pd product} {ergonomic}
    uintx ProfiledCodeHeapSize                     = 122909434                              {pd product} {ergonomic}
    uintx ReservedCodeCacheSize                    = 251658240                              {pd product} {ergonomic}
     bool SegmentedCodeCache                       = true                                      {product} {ergonomic}
   size_t SoftMaxHeapSize                          = 1610612736                             {manageable} {ergonomic}
     bool UseCompressedOops                        = true                           {product lp64_product} {ergonomic}
     bool UseG1GC                                  = true                                      {product} {ergonomic}
     bool UseLargePagesIndividualAllocation        = false                                  {pd product} {ergonomic}

Logging:
Log output configuration:
 #0: stdout all=warning uptime,level,tags foldmultilines=false
 #1: stderr all=off uptime,level,tags foldmultilines=false

Release file:
JAVA_VERSION="21.0.10" 
MODULES="java.base java.compiler java.datatransfer java.xml java.prefs java.desktop java.instrument java.logging java.management java.security.sasl java.naming java.rmi java.management.rmi java.net.http java.scripting java.security.jgss java.transaction.xa java.sql java.sql.rowset java.xml.crypto java.se java.smartcardio jdk.accessibility jdk.internal.jvmstat jdk.attach jdk.charsets jdk.internal.opt jdk.zipfs jdk.compiler jdk.crypto.ec jdk.crypto.cryptoki jdk.crypto.mscapi jdk.dynalink jdk.internal.ed jdk.editpad jdk.hotspot.agent jdk.httpserver jdk.internal.le jdk.internal.vm.ci jdk.internal.vm.compiler jdk.internal.vm.compiler.management jdk.jartool jdk.javadoc jdk.jcmd jdk.management jdk.management.agent jdk.jconsole jdk.jdeps jdk.jdwp.agent jdk.jdi jdk.jfr jdk.jshell jdk.jsobject jdk.jstatd jdk.localedata jdk.management.jfr jdk.naming.dns jdk.naming.rmi jdk.net jdk.nio.mapmode jdk.random jdk.sctp jdk.security.auth jdk.security.jgss jdk.unsupported jdk.unsupported.desktop jdk.xml.dom" 

Environment Variables:
JAVA_HOME=C:\Program Files\Microsoft\jdk-17.0.14.7-hotspot\
PATH=C:\Users\Vilas\AppData\Local\Programs\Microsoft VS Code;C:\Program Files\Microsoft\jdk-17.0.14.7-hotspot\bin;C:\Program Files\OpenLogic\jdk-11.0.26.4-hotspot\bin;C:\Program Files (x86)\Rockwell Software\RSCommon;C:\Program Files (x86)\Common Files\ArchestrA\;C:\Program Files\Common Files\Oracle\Java\javapath;C:\WINDOWS\system32;C:\WINDOWS;C:\WINDOWS\System32\Wbem;C:\WINDOWS\System32\WindowsPowerShell\v1.0\;C:\WINDOWS\System32\OpenSSH\;C:\MinGW\bin;C:\Program Files (x86)\PowerShell\7\;C:\Program Files\HP\HP One Agent;C:\platform-tools;C:\Program Files (x86)\Common Files\Rockwell\;C:\Program Files\nodejs\;C:\Users\Vilas\AppData\Local\Android\Sdk;C:\Users\Vilas\AppData\Local\Android\Sdk\platform-tools;C:\Users\Vilas\AppData\Roaming\npm;C:\ProgramData\chocolatey\bin;C:\Program Files\Microsoft SQL Server\120\Tools\Binn\;C:\Program Files\dotnet\;C:\WINDOWS\system32;C:\WINDOWS;C:\WINDOWS\System32\Wbem;C:\WINDOWS\System32\WindowsPowerShell\v1.0\;C:\WINDOWS\System32\OpenSSH\;C:\Program Files\Microsoft SQL Server\150\Tools\Binn\;C:\Program Files\Git\cmd;C:\Program Files\Git\mingw64\bin;C:\Program Files\Git\usr\bin;C:\Users\Vilas\AppData\Local\Programs\Python\Python310\Scripts\;C:\Users\Vilas\AppData\Local\Programs\Python\Python310\;C:\Users\Vilas\AppData\Local\Microsoft\WindowsApps;C:\Program Files\JetBrains\IntelliJ IDEA Community Edition 2023.2.2\bin;C:\Users\Vilas\AppData\Local\Programs\Microsoft VS Code\bin;C:\Program Files (x86)\Google\google_appengine\;C:\Program Files\JetBrains\PyCharm 2024.3.2\bin;C:\Users\Vilas\AppData\Local\Android\Sdk\emulator;C:\Users\Vilas\AppData\Local\Android\Sdk\cmdline-tools;C:\Users\Vilas\AppData\Local\Android\Sdk\cmdline-tools\latest\bin;C:\Users\Vilas\AppData\Local\Google\Cloud SDK\google-cloud-sdk\bin;C:\Users\Vilas\AppData\Local\Python\bin;C:\Users\Vilas\AppData\Local\PowerToys\DSCModules\;C:\Users\Vilas\AppData\Local\Programs\Antigravity\bin
USERNAME=Vilas
OS=Windows_NT
PROCESSOR_IDENTIFIER=AMD64 Family 25 Model 80 Stepping 0, AuthenticAMD
TMP=C:\Users\Vilas\AppData\Local\Temp
TEMP=C:\Users\Vilas\AppData\Local\Temp




Periodic native trim disabled

---------------  S Y S T E M  ---------------

OS:
 Windows 11 , 64 bit Build 26100 (10.0.26100.7920)
OS uptime: 0 days 0:13 hours
Hyper-V role detected

CPU: total 12 (initial active 12) (12 cores per cpu, 2 threads per core) family 25 model 80 stepping 0 microcode 0xa50000d, cx8, cmov, fxsr, ht, mmx, 3dnowpref, sse, sse2, sse3, ssse3, sse4a, sse4.1, sse4.2, popcnt, lzcnt, tsc, tscinvbit, avx, avx2, aes, erms, clmul, bmi1, bmi2, adx, sha, fma, vzeroupper, clflush, clflushopt, hv, rdtscp, rdpid, fsrm, f16c, cet_ss
Processor Information for processor 0
  Max Mhz: 2301, Current Mhz: 1904, Mhz Limit: 2301
Processor Information for processor 1
  Max Mhz: 2301, Current Mhz: 1904, Mhz Limit: 2301
Processor Information for processor 2
  Max Mhz: 2301, Current Mhz: 1904, Mhz Limit: 2301
Processor Information for processor 3
  Max Mhz: 2301, Current Mhz: 1798, Mhz Limit: 2301
Processor Information for processor 4
  Max Mhz: 2301, Current Mhz: 1904, Mhz Limit: 2301
Processor Information for processor 5
  Max Mhz: 2301, Current Mhz: 1904, Mhz Limit: 2301
Processor Information for processor 6
  Max Mhz: 2301, Current Mhz: 1904, Mhz Limit: 2301
Processor Information for processor 7
  Max Mhz: 2301, Current Mhz: 1798, Mhz Limit: 2301
Processor Information for processor 8
  Max Mhz: 2301, Current Mhz: 1798, Mhz Limit: 2301
Processor Information for processor 9
  Max Mhz: 2301, Current Mhz: 1904, Mhz Limit: 2301
Processor Information for processor 10
  Max Mhz: 2301, Current Mhz: 1904, Mhz Limit: 2301
Processor Information for processor 11
  Max Mhz: 2301, Current Mhz: 1904, Mhz Limit: 2301

Memory: 4k page, system-wide physical 15712M (4325M free)
TotalPageFile size 25862M (AvailPageFile size 0M)
current process WorkingSet (physical memory assigned to process): 438M, peak: 438M
current process commit charge ("private bytes"): 495M, peak: 498M

vm_info: OpenJDK 64-Bit Server VM (21.0.10+7-LTS) for windows-amd64 JRE (21.0.10+7-LTS), built on 2026-01-20T00:00:00Z by "admin" with MS VC++ 17.12 (VS2022)

END.
